Test 1-1

GamemodesTest > 1-1 Testing peaceful mode causes player to take no damage FAILED
    java.lang.IllegalArgumentException: Game mode is not a valid game mode
        at dungeonmania.DungeonManiaController.newGame(DungeonManiaController.java:168)
        at dungeonmania.controllerTest.GamemodesTest.testPeacefulNoDamage(GamemodesTest.java:20)
FAILURE
DONE
Test 1-2

GamemodesTest > 1-2 Testing zombies spawn every 15 ticks in hard mode FAILED
    java.lang.NullPointerException: Cannot invoke "Entities.movingEntities.Character.getBuffs()" because the return value of "dungeonmania.Dungeon.getCharacter()" is null
        at dungeonmania.Dungeon.tick(Dungeon.java:344)
        at dungeonmania.DungeonManiaController.tick(DungeonManiaController.java:385)
        at dungeonmania.controllerTest.GamemodesTest.testHardZombieSpawning(GamemodesTest.java:38)
FAILURE
DONE
Test 1-3

GamemodesTest > 1-3 Test invincibility potions don't work in hard mode FAILED
    java.lang.IllegalArgumentException: Game mode is not a valid game mode
        at dungeonmania.DungeonManiaController.newGame(DungeonManiaController.java:168)
        at dungeonmania.controllerTest.GamemodesTest.testHardInvincibility(GamemodesTest.java:68)

ZombieTest > 1-3 Testing zombies spawn with armour intermittently (at least once every 200 ticks) FAILED
    java.lang.IllegalArgumentException: Game mode is not a valid game mode
        at dungeonmania.DungeonManiaController.newGame(DungeonManiaController.java:168)
        at dungeonmania.controllerTest.ZombieTest.testZombiesHaveArmour(ZombieTest.java:67)
FAILURE
DONE
Test 2-1

ZombieTest > 2-1 Testing movement of zombies FAILED
    java.lang.IllegalArgumentException: Game mode is not a valid game mode
        at dungeonmania.DungeonManiaController.newGame(DungeonManiaController.java:168)
        at dungeonmania.controllerTest.ZombieTest.testZombieMovement(ZombieTest.java:22)
FAILURE
DONE
Test 2-2

ZombieTest > 2-2 Testing zombies cannot move through boulders and walls FAILED
    java.lang.IllegalArgumentException: Game mode is not a valid game mode
        at dungeonmania.DungeonManiaController.newGame(DungeonManiaController.java:168)
        at dungeonmania.controllerTest.ZombieTest.testZombieNotMovingThroughBlockingEntities(ZombieTest.java:50)
FAILURE
DONE
Test 2-3
SUCCESS
DONE
Test 2-4

ZombieTest > ZombieSpawnerTest > Testing zombie spawners spawn zombies every 20 ticks FAILED
    java.lang.IllegalArgumentException: Game mode is not a valid game mode
        at dungeonmania.DungeonManiaController.newGame(DungeonManiaController.java:168)
        at dungeonmania.controllerTest.ZombieTest$ZombieSpawnerTest.testZombieSpawning(ZombieTest.java:92)
FAILURE
DONE
Test 2-5

ZombieTest > ZombieSpawnerTest > Testing destroying zombie spawners FAILED
    java.lang.IllegalArgumentException: Game mode is not a valid game mode
        at dungeonmania.DungeonManiaController.newGame(DungeonManiaController.java:168)
        at dungeonmania.controllerTest.ZombieTest$ZombieSpawnerTest.testZombieSpawnerDestruction(ZombieTest.java:127)
FAILURE
DONE
Test 3-1

MercenaryTest > 3-1 Test mercenary spawning FAILED
    java.lang.IllegalArgumentException: Game mode is not a valid game mode
        at dungeonmania.DungeonManiaController.newGame(DungeonManiaController.java:168)
        at dungeonmania.controllerTest.MercenaryTest.testMercenarySpawning(MercenaryTest.java:24)
FAILURE
DONE
Test 3-2

MercenaryTest > 3-2 Testing mercenaries cannot move through boulders and walls FAILED
    java.lang.IllegalArgumentException: Game mode is not a valid game mode
        at dungeonmania.DungeonManiaController.newGame(DungeonManiaController.java:168)
        at dungeonmania.controllerTest.MercenaryTest.testMercenaryNotMovingThroughBlockingEntities(MercenaryTest.java:48)
FAILURE
DONE
Test 3-3

MercenaryTest > Testing bribing a mercenary ensures there is no battle FAILED
    java.lang.IllegalArgumentException: Game mode is not a valid game mode
        at dungeonmania.DungeonManiaController.newGame(DungeonManiaController.java:168)
        at dungeonmania.controllerTest.MercenaryTest.testMercenaryBribing(MercenaryTest.java:65)
FAILURE
DONE
Test 3-4

MercenaryTest > Testing mercenaries spawn with armour FAILED
    java.lang.IllegalArgumentException: Game mode is not a valid game mode
        at dungeonmania.DungeonManiaController.newGame(DungeonManiaController.java:168)
        at dungeonmania.controllerTest.MercenaryTest.testMercenarySpawningWithArmour(MercenaryTest.java:93)
FAILURE
DONE
Test 4-1

CollectablesTest > 4-1 Testing picking up all types of collectables FAILED
    java.lang.IllegalArgumentException: Game mode is not a valid game mode
        at dungeonmania.DungeonManiaController.newGame(DungeonManiaController.java:168)
        at dungeonmania.controllerTest.CollectablesTest.testCollectablePickup(CollectablesTest.java:24)
FAILURE
DONE
Test 4-2

CollectablesTest > 4-2 Test picking up a key puts the key in the inventory FAILED
    java.lang.IllegalArgumentException: Game mode is not a valid game mode
        at dungeonmania.DungeonManiaController.newGame(DungeonManiaController.java:168)
        at dungeonmania.controllerTest.CollectablesTest.testKeyInInventory(CollectablesTest.java:44)
FAILURE
DONE
Test 4-3

CollectablesTest > 4-3 Test invisibility potions ensure battles do not occur FAILED
    java.lang.IllegalArgumentException: Game mode is not a valid game mode
        at dungeonmania.DungeonManiaController.newGame(DungeonManiaController.java:168)
        at dungeonmania.controllerTest.CollectablesTest.testInvisibilityPotion(CollectablesTest.java:68)
FAILURE
DONE
Test 4-4

CollectablesTest > 4-4 Test invincibility potions cause enemies to run away FAILED
    java.lang.IllegalArgumentException: Game mode is not a valid game mode
        at dungeonmania.DungeonManiaController.newGame(DungeonManiaController.java:168)
        at dungeonmania.controllerTest.CollectablesTest.testInvincibilityPotion(CollectablesTest.java:97)
FAILURE
DONE
Test 5-1
SUCCESS
DONE
Test 5-2

PortalsTest > 5-2 Test player cannot teleport into a wall FAILED
    java.lang.NullPointerException: Cannot invoke "Entities.movingEntities.Character.getBuffs()" because the return value of "dungeonmania.Dungeon.getCharacter()" is null
        at dungeonmania.Dungeon.tick(Dungeon.java:344)
        at dungeonmania.DungeonManiaController.tick(DungeonManiaController.java:385)
        at dungeonmania.controllerTest.PortalsTest.testCannotTeleportIntoWall(PortalsTest.java:61)
FAILURE
DONE
Test 6-1

SpiderTest > 6-1 Test basic movement of spiders FAILED
    java.lang.IndexOutOfBoundsException: Index 0 out of bounds for length 0
        at java.base/jdk.internal.util.Preconditions.outOfBounds(Preconditions.java:64)
        at java.base/jdk.internal.util.Preconditions.outOfBoundsCheckIndex(Preconditions.java:70)
        at java.base/jdk.internal.util.Preconditions.checkIndex(Preconditions.java:266)
        at java.base/java.util.Objects.checkIndex(Objects.java:359)
        at java.base/java.util.ArrayList.get(ArrayList.java:427)
        at dungeonmania.controllerTest.SpiderTest.testSpiderBasicMovement(SpiderTest.java:34)
FAILURE
DONE
Test 6-2

SpiderTest > 6-2 Test spiders can traverse through walls FAILED
    java.lang.IndexOutOfBoundsException: Index 0 out of bounds for length 0
        at java.base/jdk.internal.util.Preconditions.outOfBounds(Preconditions.java:64)
        at java.base/jdk.internal.util.Preconditions.outOfBoundsCheckIndex(Preconditions.java:70)
        at java.base/jdk.internal.util.Preconditions.checkIndex(Preconditions.java:266)
        at java.base/java.util.Objects.checkIndex(Objects.java:359)
        at java.base/java.util.ArrayList.get(ArrayList.java:427)
        at dungeonmania.controllerTest.SpiderTest.testSpiderTraverseWall(SpiderTest.java:71)
FAILURE
DONE
Test 6-3

SpiderTest > 6-3 Test spiders can traverse through switches FAILED
    java.lang.IndexOutOfBoundsException: Index 0 out of bounds for length 0
        at java.base/jdk.internal.util.Preconditions.outOfBounds(Preconditions.java:64)
        at java.base/jdk.internal.util.Preconditions.outOfBoundsCheckIndex(Preconditions.java:70)
        at java.base/jdk.internal.util.Preconditions.checkIndex(Preconditions.java:266)
        at java.base/java.util.Objects.checkIndex(Objects.java:359)
        at java.base/java.util.ArrayList.get(ArrayList.java:427)
        at dungeonmania.controllerTest.SpiderTest.testSpiderTraverseSwitch(SpiderTest.java:86)
FAILURE
DONE
Test 6-4

SpiderTest > 6-4 Test spiders can move through closed doors FAILED
    java.lang.IndexOutOfBoundsException: Index 0 out of bounds for length 0
        at java.base/jdk.internal.util.Preconditions.outOfBounds(Preconditions.java:64)
        at java.base/jdk.internal.util.Preconditions.outOfBoundsCheckIndex(Preconditions.java:70)
        at java.base/jdk.internal.util.Preconditions.checkIndex(Preconditions.java:266)
        at java.base/java.util.Objects.checkIndex(Objects.java:359)
        at java.base/java.util.ArrayList.get(ArrayList.java:427)
        at dungeonmania.controllerTest.SpiderTest.testSpiderCanMoveThroughClosedDoor(SpiderTest.java:134)
FAILURE
DONE
Test 6-5

SpiderTest > 6-5 Test spiders cannot move through boulders FAILED
    java.lang.IndexOutOfBoundsException: Index 0 out of bounds for length 0
        at java.base/jdk.internal.util.Preconditions.outOfBounds(Preconditions.java:64)
        at java.base/jdk.internal.util.Preconditions.outOfBoundsCheckIndex(Preconditions.java:70)
        at java.base/jdk.internal.util.Preconditions.checkIndex(Preconditions.java:266)
        at java.base/java.util.Objects.checkIndex(Objects.java:359)
        at java.base/java.util.ArrayList.get(ArrayList.java:427)
        at dungeonmania.controllerTest.SpiderTest.testSpiderBoulderInPath(SpiderTest.java:176)
FAILURE
DONE
Test 6-6

SpiderTest > 6-6 Test spider spawningÂ reaches a mmaximum amount of spiders spawned FAILED
    java.lang.NullPointerException: Cannot invoke "Entities.movingEntities.Character.getBuffs()" because the return value of "dungeonmania.Dungeon.getCharacter()" is null
        at dungeonmania.Dungeon.tick(Dungeon.java:344)
        at dungeonmania.DungeonManiaController.tick(DungeonManiaController.java:385)
        at dungeonmania.controllerTest.SpiderTest.testSpiderMaxAmount(SpiderTest.java:214)
FAILURE
DONE
Test 7-1

BasicGoalsTest > 7-1 Test achieving a basic exit goal FAILED
    org.opentest4j.AssertionFailedError: expected: <true> but was: <false>
        at app//org.junit.jupiter.api.AssertionUtils.fail(AssertionUtils.java:55)
        at app//org.junit.jupiter.api.AssertTrue.assertTrue(AssertTrue.java:40)
        at app//org.junit.jupiter.api.AssertTrue.assertTrue(AssertTrue.java:35)
        at app//org.junit.jupiter.api.Assertions.assertTrue(Assertions.java:179)
        at app//dungeonmania.controllerTest.BasicGoalsTest.testExitGoal(BasicGoalsTest.java:32)
FAILURE
DONE
Test 7-2
SUCCESS
DONE
Test 7-3

BasicGoalsTest > 7-3 Testing achieving an enemies goal with a single spider on the map FAILED
    org.opentest4j.AssertionFailedError: expected: <true> but was: <false>
        at app//org.junit.jupiter.api.AssertionUtils.fail(AssertionUtils.java:55)
        at app//org.junit.jupiter.api.AssertTrue.assertTrue(AssertTrue.java:40)
        at app//org.junit.jupiter.api.AssertTrue.assertTrue(AssertTrue.java:35)
        at app//org.junit.jupiter.api.Assertions.assertTrue(Assertions.java:179)
        at app//dungeonmania.controllerTest.BasicGoalsTest.testEnemyGoalSpider(BasicGoalsTest.java:67)
FAILURE
DONE
Test 7-4
SUCCESS
DONE
Test 7-5

BasicGoalsTest > 7-5 Test achieving a switch goal where there is one switch FAILED
    org.opentest4j.AssertionFailedError: expected: <true> but was: <false>
        at app//org.junit.jupiter.api.AssertionUtils.fail(AssertionUtils.java:55)
        at app//org.junit.jupiter.api.AssertTrue.assertTrue(AssertTrue.java:40)
        at app//org.junit.jupiter.api.AssertTrue.assertTrue(AssertTrue.java:35)
        at app//org.junit.jupiter.api.Assertions.assertTrue(Assertions.java:179)
        at app//dungeonmania.controllerTest.BasicGoalsTest.testSwitchGoalOneSwitch(BasicGoalsTest.java:102)
FAILURE
DONE
Test 7-6

BasicGoalsTest > 7-6 Test achieving a switch goal where there are two switches FAILED
    org.opentest4j.AssertionFailedError: expected: <true> but was: <false>
        at app//org.junit.jupiter.api.AssertionUtils.fail(AssertionUtils.java:55)
        at app//org.junit.jupiter.api.AssertTrue.assertTrue(AssertTrue.java:40)
        at app//org.junit.jupiter.api.AssertTrue.assertTrue(AssertTrue.java:35)
        at app//org.junit.jupiter.api.Assertions.assertTrue(Assertions.java:179)
        at app//dungeonmania.controllerTest.BasicGoalsTest.testSwitchGoalTwoSwitches(BasicGoalsTest.java:124)
FAILURE
DONE
Test 7-7
SUCCESS
DONE
Test 7-8

BasicGoalsTest > Test a achieving a treasure goal with one treasure on the map FAILED
    org.opentest4j.AssertionFailedError: expected: <true> but was: <false>
        at app//org.junit.jupiter.api.AssertionUtils.fail(AssertionUtils.java:55)
        at app//org.junit.jupiter.api.AssertTrue.assertTrue(AssertTrue.java:40)
        at app//org.junit.jupiter.api.AssertTrue.assertTrue(AssertTrue.java:35)
        at app//org.junit.jupiter.api.Assertions.assertTrue(Assertions.java:179)
        at app//dungeonmania.controllerTest.BasicGoalsTest.testTreasureGoalOneTreasure(BasicGoalsTest.java:167)
FAILURE
DONE
Test 7-9

BasicGoalsTest > Testing a treasure goal with two treasure on the map FAILED
    org.opentest4j.AssertionFailedError: expected: <true> but was: <false>
        at app//org.junit.jupiter.api.AssertionUtils.fail(AssertionUtils.java:55)
        at app//org.junit.jupiter.api.AssertTrue.assertTrue(AssertTrue.java:40)
        at app//org.junit.jupiter.api.AssertTrue.assertTrue(AssertTrue.java:35)
        at app//org.junit.jupiter.api.Assertions.assertTrue(Assertions.java:179)
        at app//dungeonmania.controllerTest.BasicGoalsTest.testTreasureGoalCollectTwoTreasure(BasicGoalsTest.java:188)
FAILURE
DONE
Test 8-1

MovementTest > 8-1 Test the player can move down FAILED
    java.lang.IndexOutOfBoundsException: Index 0 out of bounds for length 0
        at java.base/jdk.internal.util.Preconditions.outOfBounds(Preconditions.java:64)
        at java.base/jdk.internal.util.Preconditions.outOfBoundsCheckIndex(Preconditions.java:70)
        at java.base/jdk.internal.util.Preconditions.checkIndex(Preconditions.java:266)
        at java.base/java.util.Objects.checkIndex(Objects.java:359)
        at java.base/java.util.ArrayList.get(ArrayList.java:427)
        at dungeonmania.controllerTest.MovementTest.testMovement(MovementTest.java:26)
        at dungeonmania.controllerTest.MovementTest.testMovementDown(MovementTest.java:37)
FAILURE
DONE
Test 8-2

MovementTest > 8-2 Test the player can move up FAILED
    java.lang.IndexOutOfBoundsException: Index 0 out of bounds for length 0
        at java.base/jdk.internal.util.Preconditions.outOfBounds(Preconditions.java:64)
        at java.base/jdk.internal.util.Preconditions.outOfBoundsCheckIndex(Preconditions.java:70)
        at java.base/jdk.internal.util.Preconditions.checkIndex(Preconditions.java:266)
        at java.base/java.util.Objects.checkIndex(Objects.java:359)
        at java.base/java.util.ArrayList.get(ArrayList.java:427)
        at dungeonmania.controllerTest.MovementTest.testMovement(MovementTest.java:26)
        at dungeonmania.controllerTest.MovementTest.testMovementUp(MovementTest.java:44)
FAILURE
DONE
Test 8-3

MovementTest > 8-3 Test the player can move left FAILED
    java.lang.IndexOutOfBoundsException: Index 0 out of bounds for length 0
        at java.base/jdk.internal.util.Preconditions.outOfBounds(Preconditions.java:64)
        at java.base/jdk.internal.util.Preconditions.outOfBoundsCheckIndex(Preconditions.java:70)
        at java.base/jdk.internal.util.Preconditions.checkIndex(Preconditions.java:266)
        at java.base/java.util.Objects.checkIndex(Objects.java:359)
        at java.base/java.util.ArrayList.get(ArrayList.java:427)
        at dungeonmania.controllerTest.MovementTest.testMovement(MovementTest.java:26)
        at dungeonmania.controllerTest.MovementTest.testMovementLeft(MovementTest.java:51)
FAILURE
DONE
Test 8-4

MovementTest > 8-4 Test the player can move right FAILED
    java.lang.IndexOutOfBoundsException: Index 0 out of bounds for length 0
        at java.base/jdk.internal.util.Preconditions.outOfBounds(Preconditions.java:64)
        at java.base/jdk.internal.util.Preconditions.outOfBoundsCheckIndex(Preconditions.java:70)
        at java.base/jdk.internal.util.Preconditions.checkIndex(Preconditions.java:266)
        at java.base/java.util.Objects.checkIndex(Objects.java:359)
        at java.base/java.util.ArrayList.get(ArrayList.java:427)
        at dungeonmania.controllerTest.MovementTest.testMovement(MovementTest.java:26)
        at dungeonmania.controllerTest.MovementTest.testMovementRight(MovementTest.java:58)
FAILURE
DONE
Test 9-1

BuildablesTest > 9-1 Test building a bow FAILED
    java.lang.NullPointerException: Cannot invoke "Entities.movingEntities.Character.getBuffs()" because the return value of "dungeonmania.Dungeon.getCharacter()" is null
        at dungeonmania.Dungeon.tick(Dungeon.java:344)
        at dungeonmania.DungeonManiaController.tick(DungeonManiaController.java:385)
        at dungeonmania.controllerTest.BuildablesTest.testBuildBow(BuildablesTest.java:39)
FAILURE
DONE
Test 9-2

BuildablesTest > 9-2 Test building a shield with a key FAILED
    java.lang.NullPointerException: Cannot invoke "Entities.movingEntities.Character.getBuffs()" because the return value of "dungeonmania.Dungeon.getCharacter()" is null
        at dungeonmania.Dungeon.tick(Dungeon.java:344)
        at dungeonmania.DungeonManiaController.tick(DungeonManiaController.java:385)
        at dungeonmania.controllerTest.BuildablesTest.testBuildShieldWithKey(BuildablesTest.java:70)
FAILURE
DONE
Test 9-3

BuildablesTest > 9-3 Test building a shield with treasure FAILED
    java.lang.NullPointerException: Cannot invoke "Entities.movingEntities.Character.getBuffs()" because the return value of "dungeonmania.Dungeon.getCharacter()" is null
        at dungeonmania.Dungeon.tick(Dungeon.java:344)
        at dungeonmania.DungeonManiaController.tick(DungeonManiaController.java:385)
        at dungeonmania.controllerTest.BuildablesTest.testBuildShieldWithTreasure(BuildablesTest.java:100)
FAILURE
DONE
Test 10-1

BombsTest > 10-1 Test picking up a bomb removes the bomb from the map FAILED
    org.opentest4j.AssertionFailedError: expected: <1> but was: <0>
        at app//org.junit.jupiter.api.AssertionUtils.fail(AssertionUtils.java:55)
        at app//org.junit.jupiter.api.AssertionUtils.failNotEqual(AssertionUtils.java:62)
        at app//org.junit.jupiter.api.AssertEquals.assertEquals(AssertEquals.java:150)
        at app//org.junit.jupiter.api.AssertEquals.assertEquals(AssertEquals.java:145)
        at app//org.junit.jupiter.api.Assertions.assertEquals(Assertions.java:527)
        at app//dungeonmania.controllerTest.BombsTest.testBombPickUpRemoveFromMap(BombsTest.java:35)
FAILURE
DONE
Test 10-2

BombsTest > 10-2 Test picking up a bomb adds the bomb to the inventory FAILED
    java.lang.NullPointerException: Cannot invoke "Entities.movingEntities.Character.getBuffs()" because the return value of "dungeonmania.Dungeon.getCharacter()" is null
        at dungeonmania.Dungeon.tick(Dungeon.java:344)
        at dungeonmania.DungeonManiaController.tick(DungeonManiaController.java:385)
        at dungeonmania.controllerTest.BombsTest.testBombPickUpAddToInventory(BombsTest.java:53)
FAILURE
DONE
Test 10-3

BombsTest > 10-3 Test placing a bomb removes it from the inventory FAILED
    java.lang.NullPointerException: Cannot invoke "Entities.movingEntities.Character.getBuffs()" because the return value of "dungeonmania.Dungeon.getCharacter()" is null
        at dungeonmania.Dungeon.tick(Dungeon.java:344)
        at dungeonmania.DungeonManiaController.tick(DungeonManiaController.java:385)
        at dungeonmania.controllerTest.BombsTest.testBombRemoveFromInventory(BombsTest.java:67)
FAILURE
DONE
Test 10-4

BombsTest > 10-4 Test placing a bomb places it on the map at the character's location FAILED
    java.lang.NullPointerException: Cannot invoke "Entities.movingEntities.Character.getBuffs()" because the return value of "dungeonmania.Dungeon.getCharacter()" is null
        at dungeonmania.Dungeon.tick(Dungeon.java:344)
        at dungeonmania.DungeonManiaController.tick(DungeonManiaController.java:385)
        at dungeonmania.controllerTest.BombsTest.testBombPlaceOnMap(BombsTest.java:88)
FAILURE
DONE
Test 10-5

BombsTest > Test placing a bomb on a map cardinally adjacent to an active switch causes the bomb to detonate, removing surrounding entites except for the player FAILED
    java.lang.NullPointerException: Cannot invoke "Entities.movingEntities.Character.getBuffs()" because the return value of "dungeonmania.Dungeon.getCharacter()" is null
        at dungeonmania.Dungeon.tick(Dungeon.java:344)
        at dungeonmania.DungeonManiaController.tick(DungeonManiaController.java:385)
        at dungeonmania.controllerTest.BombsTest.testBombPlaceMapCardinallyAdjacentActiveSwitch(BombsTest.java:111)
FAILURE
DONE
Test 10-6

BombsTest > 10-6 Test placing a bomb diagonally adjacent to an active switch does not detonate the bomb FAILED
    java.lang.NullPointerException: Cannot invoke "Entities.movingEntities.Character.getBuffs()" because the return value of "dungeonmania.Dungeon.getCharacter()" is null
        at dungeonmania.Dungeon.tick(Dungeon.java:344)
        at dungeonmania.DungeonManiaController.tick(DungeonManiaController.java:385)
        at dungeonmania.controllerTest.BombsTest.testBombPlaceMapDiagonallyAdjacentActiveSwitch(BombsTest.java:148)
FAILURE
DONE
Test 10-7

BombsTest > 10-7 Test placing a bomb cardinally adjacent to an inactive switch does not cause the bomb to explode FAILED
    java.lang.NullPointerException: Cannot invoke "Entities.movingEntities.Character.getBuffs()" because the return value of "dungeonmania.Dungeon.getCharacter()" is null
        at dungeonmania.Dungeon.tick(Dungeon.java:344)
        at dungeonmania.DungeonManiaController.tick(DungeonManiaController.java:385)
        at dungeonmania.controllerTest.BombsTest.testBombPlaceMapCardinallyAdjacentInactiveSwitch(BombsTest.java:184)
FAILURE
DONE
Test 10-8

BombsTest > 10-8 Test placing a bomb diagonally adjacent to an inactive switch does not cause the bomb to explode FAILED
    java.lang.NullPointerException: Cannot invoke "Entities.movingEntities.Character.getBuffs()" because the return value of "dungeonmania.Dungeon.getCharacter()" is null
        at dungeonmania.Dungeon.tick(Dungeon.java:344)
        at dungeonmania.DungeonManiaController.tick(DungeonManiaController.java:385)
        at dungeonmania.controllerTest.BombsTest.testBombPlaceMapDiagonallyAdjacentInactiveSwitch(BombsTest.java:211)
FAILURE
DONE
Test 11-1

BouldersTest > 11-1 Test pushing a boulder FAILED
    java.lang.IllegalArgumentException: Game mode is not a valid game mode
        at dungeonmania.DungeonManiaController.newGame(DungeonManiaController.java:168)
        at dungeonmania.controllerTest.BouldersTest.testPushBoulder(BouldersTest.java:28)
FAILURE
DONE
Test 11-2

BouldersTest > 11-2 Test pushing a boulder into a wall FAILED
    java.lang.IllegalArgumentException: Game mode is not a valid game mode
        at dungeonmania.DungeonManiaController.newGame(DungeonManiaController.java:168)
        at dungeonmania.controllerTest.BouldersTest.testPushBoulderIntoWall(BouldersTest.java:40)
FAILURE
DONE
Test 11-3

BouldersTest > 11-3 Test the player is unable to push two boulders FAILED
    java.lang.IllegalArgumentException: Game mode is not a valid game mode
        at dungeonmania.DungeonManiaController.newGame(DungeonManiaController.java:168)
        at dungeonmania.controllerTest.BouldersTest.testPushTwoBoulders(BouldersTest.java:53)
FAILURE
DONE
Test 12-1

SaveLoadTest > 12-1 Test saving and loading a simple maze map FAILED
    java.lang.IllegalArgumentException: Game mode is not a valid game mode
        at dungeonmania.DungeonManiaController.newGame(DungeonManiaController.java:168)
        at dungeonmania.controllerTest.SaveLoadTest.testMazeSave(SaveLoadTest.java:20)
FAILURE
DONE
Test 12-2

SaveLoadTest > 12-2 Test saving and loading a map with boulders and switches FAILED
    java.lang.IllegalArgumentException: Game mode is not a valid game mode
        at dungeonmania.DungeonManiaController.newGame(DungeonManiaController.java:168)
        at dungeonmania.controllerTest.SaveLoadTest.testBouldersSave(SaveLoadTest.java:38)
FAILURE
DONE
Test 12-3

SaveLoadTest > 12-3 Test saving and loading a map with enemies and collectables FAILED
    java.lang.IllegalArgumentException: Game mode is not a valid game mode
        at dungeonmania.DungeonManiaController.newGame(DungeonManiaController.java:168)
        at dungeonmania.controllerTest.SaveLoadTest.testAdvancedSave(SaveLoadTest.java:57)
FAILURE
DONE
Test 12-4

SaveLoadTest > 12-4 Test saving on a map containing all types of entities FAILED
    java.lang.IllegalArgumentException: Game mode is not a valid game mode
        at dungeonmania.DungeonManiaController.newGame(DungeonManiaController.java:168)
        at dungeonmania.controllerTest.SaveLoadTest.testSaveAllEntities(SaveLoadTest.java:75)
FAILURE
DONE
Test 13-1

DoorsKeysTest > 13-1 Test player cannot walk through a closed door FAILED
    java.lang.NullPointerException: Cannot invoke "Entities.movingEntities.Character.getBuffs()" because the return value of "dungeonmania.Dungeon.getCharacter()" is null
        at dungeonmania.Dungeon.tick(Dungeon.java:344)
        at dungeonmania.DungeonManiaController.tick(DungeonManiaController.java:385)
        at dungeonmania.controllerTest.DoorsKeysTest.testPlayerCannotWalkThroughClosedDoor(DoorsKeysTest.java:35)
FAILURE
DONE
Test 13-2

DoorsKeysTest > 13-2 Test player can pick up a key and add to inventory FAILED
    java.lang.NullPointerException: Cannot invoke "Entities.movingEntities.Character.getBuffs()" because the return value of "dungeonmania.Dungeon.getCharacter()" is null
        at dungeonmania.Dungeon.tick(Dungeon.java:344)
        at dungeonmania.DungeonManiaController.tick(DungeonManiaController.java:385)
        at dungeonmania.controllerTest.DoorsKeysTest.testPickUpKey(DoorsKeysTest.java:54)
FAILURE
DONE
Test 13-3

DoorsKeysTest > 13-3 Test player can use a key to open a door FAILED
    java.lang.NullPointerException: Cannot invoke "Entities.movingEntities.Character.getBuffs()" because the return value of "dungeonmania.Dungeon.getCharacter()" is null
        at dungeonmania.Dungeon.tick(Dungeon.java:344)
        at dungeonmania.DungeonManiaController.tick(DungeonManiaController.java:385)
        at dungeonmania.controllerTest.DoorsKeysTest.testUseKey(DoorsKeysTest.java:67)
FAILURE
DONE
Test 13-4

DoorsKeysTest > 13-4 Test the player cannot walk through an open door FAILED
    java.lang.NullPointerException: Cannot invoke "Entities.movingEntities.Character.getBuffs()" because the return value of "dungeonmania.Dungeon.getCharacter()" is null
        at dungeonmania.Dungeon.tick(Dungeon.java:344)
        at dungeonmania.DungeonManiaController.tick(DungeonManiaController.java:385)
        at dungeonmania.controllerTest.DoorsKeysTest.testPlayerCanWalkThroughOpenDoor(DoorsKeysTest.java:86)
FAILURE
DONE
Test 13-5

DoorsKeysTest > 13-5 Test player cannot pickup two keys FAILED
    java.lang.NullPointerException: Cannot invoke "Entities.movingEntities.Character.getBuffs()" because the return value of "dungeonmania.Dungeon.getCharacter()" is null
        at dungeonmania.Dungeon.tick(Dungeon.java:344)
        at dungeonmania.DungeonManiaController.tick(DungeonManiaController.java:385)
        at dungeonmania.controllerTest.DoorsKeysTest.testPlayerCannotPickup2Keys(DoorsKeysTest.java:104)
FAILURE
DONE
Test 13-6

DoorsKeysTest > 13-6 Test player can pick up a second key after using the first FAILED
    java.lang.NullPointerException: Cannot invoke "Entities.movingEntities.Character.getBuffs()" because the return value of "dungeonmania.Dungeon.getCharacter()" is null
        at dungeonmania.Dungeon.tick(Dungeon.java:344)
        at dungeonmania.DungeonManiaController.tick(DungeonManiaController.java:385)
        at dungeonmania.controllerTest.DoorsKeysTest.testCanPickupSecondKeyAfterUsingFirst(DoorsKeysTest.java:122)
FAILURE
DONE
Test 13-7

DoorsKeysTest > 13-7 Test player cannot open a door with the wrong key FAILED
    java.lang.NullPointerException: Cannot invoke "Entities.movingEntities.Character.getBuffs()" because the return value of "dungeonmania.Dungeon.getCharacter()" is null
        at dungeonmania.Dungeon.tick(Dungeon.java:344)
        at dungeonmania.DungeonManiaController.tick(DungeonManiaController.java:385)
        at dungeonmania.controllerTest.DoorsKeysTest.testPlayerCannotOpenDoorwithWrongKey(DoorsKeysTest.java:145)
FAILURE
DONE
Test 14-1

InterfaceTest > 14-1 Testing newGame interface method, normal operation FAILED
    java.lang.IllegalArgumentException: Game mode is not a valid game mode
        at dungeonmania.DungeonManiaController.newGame(DungeonManiaController.java:168)
        at dungeonmania.controllerTest.InterfaceTest.testNewGameInterfaceNormalOperation(InterfaceTest.java:22)
FAILURE
DONE
Test 14-2
SUCCESS
DONE
Test 14-3
SUCCESS
DONE
Test 14-4

InterfaceTest > TickInterfaceTest > 14-4 Testing tick interface method, normal operation FAILED
    java.lang.IllegalArgumentException: Game mode is not a valid game mode
        at dungeonmania.DungeonManiaController.newGame(DungeonManiaController.java:168)
        at dungeonmania.controllerTest.InterfaceTest$TickInterfaceTest.testTickInterfaceNormalOperation(InterfaceTest.java:61)
FAILURE
DONE
Test 14-5

InterfaceTest > TickInterfaceTest > 14-5 Testing tick with an invalid ite FAILED
    java.lang.IllegalArgumentException: Game mode is not a valid game mode
        at dungeonmania.DungeonManiaController.newGame(DungeonManiaController.java:168)
        at dungeonmania.controllerTest.InterfaceTest$TickInterfaceTest.testTickInterfaceInvalidItem(InterfaceTest.java:75)
FAILURE
DONE
Test 14-6

InterfaceTest > TickInterfaceTest > 14-6 Testing tick with an item that is not in the player's inventory FAILED
    java.lang.IllegalArgumentException: Game mode is not a valid game mode
        at dungeonmania.DungeonManiaController.newGame(DungeonManiaController.java:168)
        at dungeonmania.controllerTest.InterfaceTest$TickInterfaceTest.testTickInterfaceItemNotInInventory(InterfaceTest.java:87)
FAILURE
DONE
Test 15-1

ComplexGoalsTest > 15-1 Testing a map with EXIT and ENEMIES goal FAILED
    org.opentest4j.AssertionFailedError: expected: not equal but was: <>
        at app//org.junit.jupiter.api.AssertionUtils.fail(AssertionUtils.java:39)
        at app//org.junit.jupiter.api.AssertNotEquals.failEqual(AssertNotEquals.java:276)
        at app//org.junit.jupiter.api.AssertNotEquals.assertNotEquals(AssertNotEquals.java:265)
        at app//org.junit.jupiter.api.AssertNotEquals.assertNotEquals(AssertNotEquals.java:260)
        at app//org.junit.jupiter.api.Assertions.assertNotEquals(Assertions.java:2815)
        at app//dungeonmania.controllerTest.ComplexGoalsTest.testExitAndEnemyGoal(ComplexGoalsTest.java:37)
FAILURE
DONE
Test 15-2

ComplexGoalsTest > 15-2 Testing a map with EXIT and SWITCH goal FAILED
    org.opentest4j.AssertionFailedError: expected: not equal but was: <>
        at app//org.junit.jupiter.api.AssertionUtils.fail(AssertionUtils.java:39)
        at app//org.junit.jupiter.api.AssertNotEquals.failEqual(AssertNotEquals.java:276)
        at app//org.junit.jupiter.api.AssertNotEquals.assertNotEquals(AssertNotEquals.java:265)
        at app//org.junit.jupiter.api.AssertNotEquals.assertNotEquals(AssertNotEquals.java:260)
        at app//org.junit.jupiter.api.Assertions.assertNotEquals(Assertions.java:2815)
        at app//dungeonmania.controllerTest.ComplexGoalsTest.testExitAndSwitchGoal(ComplexGoalsTest.java:52)
FAILURE
DONE
Test 15-3

ComplexGoalsTest > 15-3 Testing a map with EXIT and TREASURE FAILED
    java.lang.NullPointerException: Cannot invoke "Entities.movingEntities.Character.getBuffs()" because the return value of "dungeonmania.Dungeon.getCharacter()" is null
        at dungeonmania.Dungeon.tick(Dungeon.java:344)
        at dungeonmania.DungeonManiaController.tick(DungeonManiaController.java:385)
        at dungeonmania.controllerTest.ComplexGoalsTest.testExitAndTreasureGoal(ComplexGoalsTest.java:67)
FAILURE
DONE
Test 15-4

ComplexGoalsTest > 15-4 Testing that the exit goal must be achieved last in EXIT and TREASURE FAILED
    java.lang.NullPointerException: Cannot invoke "Entities.movingEntities.Character.getBuffs()" because the return value of "dungeonmania.Dungeon.getCharacter()" is null
        at dungeonmania.Dungeon.tick(Dungeon.java:344)
        at dungeonmania.DungeonManiaController.tick(DungeonManiaController.java:385)
        at dungeonmania.controllerTest.ComplexGoalsTest.testExitAndTreasureOrderGoal(ComplexGoalsTest.java:83)
FAILURE
DONE
Test 15-5

ComplexGoalsTest > 15-5 Test a map with ENEMIES and SWITCH goal FAILED
    java.lang.NullPointerException: Cannot invoke "Entities.movingEntities.Character.getBuffs()" because the return value of "dungeonmania.Dungeon.getCharacter()" is null
        at dungeonmania.Dungeon.tick(Dungeon.java:344)
        at dungeonmania.DungeonManiaController.tick(DungeonManiaController.java:385)
        at dungeonmania.controllerTest.ComplexGoalsTest.testEnemiesAndSwitchGoal(ComplexGoalsTest.java:105)
FAILURE
DONE
Test 15-6

ComplexGoalsTest > 15-6 Test a map with ENEMIES and TREASURE goal FAILED
    org.opentest4j.AssertionFailedError: expected: not equal but was: <>
        at app//org.junit.jupiter.api.AssertionUtils.fail(AssertionUtils.java:39)
        at app//org.junit.jupiter.api.AssertNotEquals.failEqual(AssertNotEquals.java:276)
        at app//org.junit.jupiter.api.AssertNotEquals.assertNotEquals(AssertNotEquals.java:265)
        at app//org.junit.jupiter.api.AssertNotEquals.assertNotEquals(AssertNotEquals.java:260)
        at app//org.junit.jupiter.api.Assertions.assertNotEquals(Assertions.java:2815)
        at app//dungeonmania.controllerTest.ComplexGoalsTest.testEnemiesAndTreasureGoal(ComplexGoalsTest.java:118)
FAILURE
DONE
Test 15-7

ComplexGoalsTest > 15-7 Test a map with SWITCH and TREASURE goal FAILED
    java.lang.NullPointerException: Cannot invoke "Entities.movingEntities.Character.getBuffs()" because the return value of "dungeonmania.Dungeon.getCharacter()" is null
        at dungeonmania.Dungeon.tick(Dungeon.java:344)
        at dungeonmania.DungeonManiaController.tick(DungeonManiaController.java:385)
        at dungeonmania.controllerTest.ComplexGoalsTest.testSwitchAndTreasureGoal(ComplexGoalsTest.java:134)
FAILURE
DONE
Test 15-8
SUCCESS
DONE
Test 15-9
SUCCESS
DONE
Test 15-10

ComplexGoalsTest > 15-10 Testing a map with EXIT or TREASURE goal FAILED
    java.lang.NullPointerException: Cannot invoke "Entities.movingEntities.Character.getBuffs()" because the return value of "dungeonmania.Dungeon.getCharacter()" is null
        at dungeonmania.Dungeon.tick(Dungeon.java:344)
        at dungeonmania.DungeonManiaController.tick(DungeonManiaController.java:385)
        at dungeonmania.controllerTest.ComplexGoalsTest.testExitOrTreasureGoal(ComplexGoalsTest.java:177)
FAILURE
DONE
Test 15-11
SUCCESS
DONE
Test 15-12
SUCCESS
DONE
Test 15-13
SUCCESS
DONE
Test 15-14
SUCCESS
DONE
Test 15-15

ComplexGoalsTest > 15-15 Testing a map with ENEMIES and EXIT and TREASURE and SWITCH goal FAILED
    org.opentest4j.AssertionFailedError: expected: not equal but was: <>
        at app//org.junit.jupiter.api.AssertionUtils.fail(AssertionUtils.java:39)
        at app//org.junit.jupiter.api.AssertNotEquals.failEqual(AssertNotEquals.java:276)
        at app//org.junit.jupiter.api.AssertNotEquals.assertNotEquals(AssertNotEquals.java:265)
        at app//org.junit.jupiter.api.AssertNotEquals.assertNotEquals(AssertNotEquals.java:260)
        at app//org.junit.jupiter.api.Assertions.assertNotEquals(Assertions.java:2815)
        at app//dungeonmania.controllerTest.ComplexGoalsTest.testEnemiesAndExitAndTreasureAndSwitchGoal(ComplexGoalsTest.java:244)
FAILURE
DONE
Test 15-16

ComplexGoalsTest > 15-16 Testing a map with ENEMEIS AND (TREASURE OR SWITCH) goal FAILED
    org.opentest4j.AssertionFailedError: expected: not equal but was: <>
        at app//org.junit.jupiter.api.AssertionUtils.fail(AssertionUtils.java:39)
        at app//org.junit.jupiter.api.AssertNotEquals.failEqual(AssertNotEquals.java:276)
        at app//org.junit.jupiter.api.AssertNotEquals.assertNotEquals(AssertNotEquals.java:265)
        at app//org.junit.jupiter.api.AssertNotEquals.assertNotEquals(AssertNotEquals.java:260)
        at app//org.junit.jupiter.api.Assertions.assertNotEquals(Assertions.java:2815)
        at app//dungeonmania.controllerTest.ComplexGoalsTest.testExitAndEnemiesAndTreasureOrSwitchGoal(ComplexGoalsTest.java:264)
FAILURE
DONE
Test 16-1

BattleTest > 16-1 Test player battles spider and player or zombie dies FAILED
    org.opentest4j.AssertionFailedError: expected: <1> but was: <0>
        at app//org.junit.jupiter.api.AssertionUtils.fail(AssertionUtils.java:55)
        at app//org.junit.jupiter.api.AssertionUtils.failNotEqual(AssertionUtils.java:62)
        at app//org.junit.jupiter.api.AssertEquals.assertEquals(AssertEquals.java:150)
        at app//org.junit.jupiter.api.AssertEquals.assertEquals(AssertEquals.java:145)
        at app//org.junit.jupiter.api.Assertions.assertEquals(Assertions.java:527)
        at app//dungeonmania.controllerTest.BattleTest.testPlayerOrSpiderDiesWhenBattle(BattleTest.java:34)
FAILURE
DONE
Test 16-2

BattleTest > 16-2 Test player battles zombie and player or zombie dies FAILED
    org.opentest4j.AssertionFailedError: expected: <1> but was: <0>
        at app//org.junit.jupiter.api.AssertionUtils.fail(AssertionUtils.java:55)
        at app//org.junit.jupiter.api.AssertionUtils.failNotEqual(AssertionUtils.java:62)
        at app//org.junit.jupiter.api.AssertEquals.assertEquals(AssertEquals.java:150)
        at app//org.junit.jupiter.api.AssertEquals.assertEquals(AssertEquals.java:145)
        at app//org.junit.jupiter.api.Assertions.assertEquals(Assertions.java:527)
        at app//dungeonmania.controllerTest.BattleTest.testPlayerOrZombieDiesWhenBattle(BattleTest.java:55)
FAILURE
DONE
Test 16-3

BattleTest > 16-3 Test player battles mercenary and player or mercenary dies FAILED
    org.opentest4j.AssertionFailedError: expected: <1> but was: <0>
        at app//org.junit.jupiter.api.AssertionUtils.fail(AssertionUtils.java:55)
        at app//org.junit.jupiter.api.AssertionUtils.failNotEqual(AssertionUtils.java:62)
        at app//org.junit.jupiter.api.AssertEquals.assertEquals(AssertEquals.java:150)
        at app//org.junit.jupiter.api.AssertEquals.assertEquals(AssertEquals.java:145)
        at app//org.junit.jupiter.api.Assertions.assertEquals(Assertions.java:527)
        at app//dungeonmania.controllerTest.BattleTest.testPlayerOrMercenaryDiesWhenBattle(BattleTest.java:79)
FAILURE
DONE
Test 16-4

BattleTest > 16-4 Test player wins a battle against a spider with an invinicibility potion FAILED
    java.lang.NullPointerException: Cannot invoke "Entities.movingEntities.Character.getBuffs()" because the return value of "dungeonmania.Dungeon.getCharacter()" is null
        at dungeonmania.Dungeon.tick(Dungeon.java:344)
        at dungeonmania.DungeonManiaController.tick(DungeonManiaController.java:385)
        at dungeonmania.controllerTest.BattleTest.testPlayerWinsSpiderBattleWithInvincibilityPotion(BattleTest.java:103)
FAILURE
DONE
Test 16-5

BattleTest > 16-5 Test player wins a battle against a zombie with an invincibility potion FAILED
    java.lang.NullPointerException: Cannot invoke "Entities.movingEntities.Character.getBuffs()" because the return value of "dungeonmania.Dungeon.getCharacter()" is null
        at dungeonmania.Dungeon.tick(Dungeon.java:344)
        at dungeonmania.DungeonManiaController.tick(DungeonManiaController.java:385)
        at dungeonmania.controllerTest.BattleTest.testPlayerWinsZombieBattleWithInvincibilityPotion(BattleTest.java:128)
FAILURE
DONE
Test 16-6

BattleTest > 16-6 Test a player wins a battle against a mercenary with an invincibility potion FAILED
    java.lang.NullPointerException: Cannot invoke "Entities.movingEntities.Character.getBuffs()" because the return value of "dungeonmania.Dungeon.getCharacter()" is null
        at dungeonmania.Dungeon.tick(Dungeon.java:344)
        at dungeonmania.DungeonManiaController.tick(DungeonManiaController.java:385)
        at dungeonmania.controllerTest.BattleTest.testPlayerWinsMercenaryBattleWithInvincibilityPotion(BattleTest.java:151)
FAILURE
DONE
Test 16-7

BattleTest > 16-7 Test the player dies after battling 30 enemies consecutively FAILED
    java.lang.NullPointerException: Cannot invoke "Entities.movingEntities.Character.getBuffs()" because the return value of "dungeonmania.Dungeon.getCharacter()" is null
        at dungeonmania.Dungeon.tick(Dungeon.java:344)
        at dungeonmania.DungeonManiaController.tick(DungeonManiaController.java:385)
        at dungeonmania.controllerTest.BattleTest.testPlayerDiesAfterBattlingThirtyEnemiesConsecutively(BattleTest.java:178)
FAILURE
DONE
