Autotesting Result = 86.5/110, the final cap hasn't been defined yet but will be around 80-90
Test 1-1
SUCCESS DONE
Test 1-2
SUCCESS DONE
Test 1-3
SUCCESS DONE
Test 2-1
SUCCESS DONE
Test 2-2
SUCCESS DONE
Test 2-3
SUCCESS DONE
Test 2-4
SUCCESS DONE
Test 2-5
SUCCESS DONE
Test 3-1
MercenaryTest > 3-1 Test mercenary spawning FAILED org.opentest4j.AssertionFailedError: expected: <true> but was: <false> at org.junit.jupiter.api.AssertionUtils.fail(AssertionUtils.java:55) at org.junit.jupiter.api.AssertTrue.assertTrue(AssertTrue.java:40) at org.junit.jupiter.api.AssertTrue.assertTrue(AssertTrue.java:35) at org.junit.jupiter.api.Assertions.assertTrue(Assertions.java:179) at dungeonmania.controllerTest.MercenaryTest.testMercenarySpawning(MercenaryTest.java:42) FAILURE DONE 1 test completed, 1 failed FAILURE: Build failed with an exception. build build.gradle data.json design.pdf gradle gradlew gradlew.bat planning.pdf src w15b_avocado.txt What went wrong: Execution failed for task ':test'. > There were failing tests. See the report at: file:///Users/braedonwooding/project-automarking/w15b_avocado/build/reports/tests/test/index.html build build.gradle data.json design.pdf gradle gradlew gradlew.bat planning.pdf src w15b_avocado.txt Try: Run with --stacktrace option to get the stack trace. Run with --info or --debug option to get more log output. Run with --scan to get full insights. build build.gradle data.json design.pdf gradle gradlew gradlew.bat planning.pdf src w15b_avocado.txt Get more help at https://help.gradle.org BUILD FAILED in 5s
Test 3-2
SUCCESS DONE
Test 3-3
MercenaryTest > Testing bribing a mercenary ensures there is no battle FAILED dungeonmania.exceptions.InvalidActionException: Mercenary is not in range!! at Entities.movingEntities.Mercenary.interact(Mercenary.java:116) at dungeonmania.Dungeon.interact(Dungeon.java:482) at dungeonmania.DungeonManiaController.interact(DungeonManiaController.java:399) at dungeonmania.controllerTest.MercenaryTest.testMercenaryBribing(MercenaryTest.java:80) FAILURE DONE 1 test completed, 1 failed FAILURE: Build failed with an exception. build build.gradle data.json design.pdf gradle gradlew gradlew.bat planning.pdf src w15b_avocado.txt What went wrong: Execution failed for task ':test'. > There were failing tests. See the report at: file:///Users/braedonwooding/project-automarking/w15b_avocado/build/reports/tests/test/index.html build build.gradle data.json design.pdf gradle gradlew gradlew.bat planning.pdf src w15b_avocado.txt Try: Run with --stacktrace option to get the stack trace. Run with --info or --debug option to get more log output. Run with --scan to get full insights. build build.gradle data.json design.pdf gradle gradlew gradlew.bat planning.pdf src w15b_avocado.txt Get more help at https://help.gradle.org BUILD FAILED in 5s
Test 3-4
SUCCESS DONE
Test 4-1
CollectablesTest > 4-1 Testing picking up all types of collectables FAILED java.lang.RuntimeException: Failed to create a new game due to multiple exceptions. Will report both exceptions after each other (the stack traces will occur after one and another). The first exception was with lowercase gamemode and second was with upper camel case gamemode (i.e. Standard) ==First== NullPointerException: Cannot invoke "Entities.Entities.getId()" because "newEntity" is null ==Second== NullPointerException: Cannot invoke "Entities.Entities.getId()" because "newEntity" is null at dungeonmania.DungeonManiaController.newGameCreateMap(DungeonManiaController.java:222) at dungeonmania.DungeonManiaController.newGame(DungeonManiaController.java:189) at dungeonmania.controllerTest.Utils.newGame(Utils.java:30) at dungeonmania.controllerTest.CollectablesTest.testCollectablePickup(CollectablesTest.java:26) at java.base/jdk.internal.reflect.NativeMethodAccessorImpl.invoke0(Native Method) at java.base/jdk.internal.reflect.NativeMethodAccessorImpl.invoke(NativeMethodAccessorImpl.java:64) at java.base/jdk.internal.reflect.DelegatingMethodAccessorImpl.invoke(DelegatingMethodAccessorImpl.java:43) at java.base/java.lang.reflect.Method.invoke(Method.java:564) at org.junit.platform.commons.util.ReflectionUtils.invokeMethod(ReflectionUtils.java:725) at org.junit.jupiter.engine.execution.MethodInvocation.proceed(MethodInvocation.java:60) at org.junit.jupiter.engine.execution.InvocationInterceptorChain$ValidatingInvocation.proceed(InvocationInterceptorChain.java:131) at org.junit.jupiter.engine.extension.TimeoutInvocation.proceed(TimeoutInvocation.java:46) at org.junit.jupiter.engine.extension.TimeoutExtension.intercept(TimeoutExtension.java:149) at org.junit.jupiter.engine.extension.TimeoutExtension.interceptTestableMethod(TimeoutExtension.java:140) at org.junit.jupiter.engine.extension.TimeoutExtension.interceptTestMethod(TimeoutExtension.java:84) at org.junit.jupiter.engine.execution.ExecutableInvoker$ReflectiveInterceptorCall.lambda$ofVoidMethod$0(ExecutableInvoker.java:115) at org.junit.jupiter.engine.execution.ExecutableInvoker.lambda$invoke$0(ExecutableInvoker.java:105) at org.junit.jupiter.engine.execution.InvocationInterceptorChain$InterceptedInvocation.proceed(InvocationInterceptorChain.java:106) at org.junit.jupiter.engine.execution.InvocationInterceptorChain.proceed(InvocationInterceptorChain.java:64) at org.junit.jupiter.engine.execution.InvocationInterceptorChain.chainAndInvoke(InvocationInterceptorChain.java:45) at org.junit.jupiter.engine.execution.InvocationInterceptorChain.invoke(InvocationInterceptorChain.java:37) at org.junit.jupiter.engine.execution.ExecutableInvoker.invoke(ExecutableInvoker.java:104) at org.junit.jupiter.engine.execution.ExecutableInvoker.invoke(ExecutableInvoker.java:98) at org.junit.jupiter.engine.descriptor.TestMethodTestDescriptor.lambda$invokeTestMethod$7(TestMethodTestDescriptor.java:214) at org.junit.platform.engine.support.hierarchical.ThrowableCollector.execute(ThrowableCollector.java:73) at org.junit.jupiter.engine.descriptor.TestMethodTestDescriptor.invokeTestMethod(TestMethodTestDescriptor.java:210) at org.junit.jupiter.engine.descriptor.TestMethodTestDescriptor.execute(TestMethodTestDescriptor.java:135) at org.junit.jupiter.engine.descriptor.TestMethodTestDescriptor.execute(TestMethodTestDescriptor.java:66) at org.junit.platform.engine.support.hierarchical.NodeTestTask.lambda$executeRecursively$6(NodeTestTask.java:151) at org.junit.platform.engine.support.hierarchical.ThrowableCollector.execute(ThrowableCollector.java:73) at org.junit.platform.engine.support.hierarchical.NodeTestTask.lambda$executeRecursively$8(NodeTestTask.java:141) at org.junit.platform.engine.support.hierarchical.Node.around(Node.java:137) at org.junit.platform.engine.support.hierarchical.NodeTestTask.lambda$executeRecursively$9(NodeTestTask.java:139) at org.junit.platform.engine.support.hierarchical.ThrowableCollector.execute(ThrowableCollector.java:73) at org.junit.platform.engine.support.hierarchical.NodeTestTask.executeRecursively(NodeTestTask.java:138) at org.junit.platform.engine.support.hierarchical.NodeTestTask.execute(NodeTestTask.java:95) at java.base/java.util.ArrayList.forEach(ArrayList.java:1511) at org.junit.platform.engine.support.hierarchical.SameThreadHierarchicalTestExecutorService.invokeAll(SameThreadHierarchicalTestExecutorService.java:41) at org.junit.platform.engine.support.hierarchical.NodeTestTask.lambda$executeRecursively$6(NodeTestTask.java:155) at org.junit.platform.engine.support.hierarchical.ThrowableCollector.execute(ThrowableCollector.java:73) at org.junit.platform.engine.support.hierarchical.NodeTestTask.lambda$executeRecursively$8(NodeTestTask.java:141) at org.junit.platform.engine.support.hierarchical.Node.around(Node.java:137) at org.junit.platform.engine.support.hierarchical.NodeTestTask.lambda$executeRecursively$9(NodeTestTask.java:139) at org.junit.platform.engine.support.hierarchical.ThrowableCollector.execute(ThrowableCollector.java:73) at org.junit.platform.engine.support.hierarchical.NodeTestTask.executeRecursively(NodeTestTask.java:138) at org.junit.platform.engine.support.hierarchical.NodeTestTask.execute(NodeTestTask.java:95) at java.base/java.util.ArrayList.forEach(ArrayList.java:1511) at org.junit.platform.engine.support.hierarchical.SameThreadHierarchicalTestExecutorService.invokeAll(SameThreadHierarchicalTestExecutorService.java:41) at org.junit.platform.engine.support.hierarchical.NodeTestTask.lambda$executeRecursively$6(NodeTestTask.java:155) at org.junit.platform.engine.support.hierarchical.ThrowableCollector.execute(ThrowableCollector.java:73) at org.junit.platform.engine.support.hierarchical.NodeTestTask.lambda$executeRecursively$8(NodeTestTask.java:141) at org.junit.platform.engine.support.hierarchical.Node.around(Node.java:137) at org.junit.platform.engine.support.hierarchical.NodeTestTask.lambda$executeRecursively$9(NodeTestTask.java:139) at org.junit.platform.engine.support.hierarchical.ThrowableCollector.execute(ThrowableCollector.java:73) at org.junit.platform.engine.support.hierarchical.NodeTestTask.executeRecursively(NodeTestTask.java:138) at org.junit.platform.engine.support.hierarchical.NodeTestTask.execute(NodeTestTask.java:95) at org.junit.platform.engine.support.hierarchical.SameThreadHierarchicalTestExecutorService.submit(SameThreadHierarchicalTestExecutorService.java:35) at org.junit.platform.engine.support.hierarchical.HierarchicalTestExecutor.execute(HierarchicalTestExecutor.java:57) at org.junit.platform.engine.support.hierarchical.HierarchicalTestEngine.execute(HierarchicalTestEngine.java:54) at org.junit.platform.launcher.core.EngineExecutionOrchestrator.execute(EngineExecutionOrchestrator.java:108) at org.junit.platform.launcher.core.EngineExecutionOrchestrator.execute(EngineExecutionOrchestrator.java:88) at org.junit.platform.launcher.core.EngineExecutionOrchestrator.lambda$execute$0(EngineExecutionOrchestrator.java:54) at org.junit.platform.launcher.core.EngineExecutionOrchestrator.withInterceptedStreams(EngineExecutionOrchestrator.java:67) at org.junit.platform.launcher.core.EngineExecutionOrchestrator.execute(EngineExecutionOrchestrator.java:52) at org.junit.platform.launcher.core.DefaultLauncher.execute(DefaultLauncher.java:96) at org.junit.platform.launcher.core.DefaultLauncher.execute(DefaultLauncher.java:75) at org.gradle.api.internal.tasks.testing.junitplatform.JUnitPlatformTestClassProcessor$CollectAllTestClassesExecutor.processAllTestClasses(JUnitPlatformTestClassProcessor.java:99) at org.gradle.api.internal.tasks.testing.junitplatform.JUnitPlatformTestClassProcessor$CollectAllTestClassesExecutor.access$000(JUnitPlatformTestClassProcessor.java:79) at org.gradle.api.internal.tasks.testing.junitplatform.JUnitPlatformTestClassProcessor.stop(JUnitPlatformTestClassProcessor.java:75) at org.gradle.api.internal.tasks.testing.SuiteTestClassProcessor.stop(SuiteTestClassProcessor.java:61) at java.base/jdk.internal.reflect.NativeMethodAccessorImpl.invoke0(Native Method) at java.base/jdk.internal.reflect.NativeMethodAccessorImpl.invoke(NativeMethodAccessorImpl.java:64) at java.base/jdk.internal.reflect.DelegatingMethodAccessorImpl.invoke(DelegatingMethodAccessorImpl.java:43) at java.base/java.lang.reflect.Method.invoke(Method.java:564) at org.gradle.internal.dispatch.ReflectionDispatch.dispatch(ReflectionDispatch.java:36) at org.gradle.internal.dispatch.ReflectionDispatch.dispatch(ReflectionDispatch.java:24) at org.gradle.internal.dispatch.ContextClassLoaderDispatch.dispatch(ContextClassLoaderDispatch.java:33) at org.gradle.internal.dispatch.ProxyDispatchAdapter$DispatchingInvocationHandler.invoke(ProxyDispatchAdapter.java:94) at com.sun.proxy.$Proxy2.stop(Unknown Source) at org.gradle.api.internal.tasks.testing.worker.TestWorker.stop(TestWorker.java:135) at java.base/jdk.internal.reflect.NativeMethodAccessorImpl.invoke0(Native Method) at java.base/jdk.internal.reflect.NativeMethodAccessorImpl.invoke(NativeMethodAccessorImpl.java:64) at java.base/jdk.internal.reflect.DelegatingMethodAccessorImpl.invoke(DelegatingMethodAccessorImpl.java:43) at java.base/java.lang.reflect.Method.invoke(Method.java:564) at org.gradle.internal.dispatch.ReflectionDispatch.dispatch(ReflectionDispatch.java:36) at org.gradle.internal.dispatch.ReflectionDispatch.dispatch(ReflectionDispatch.java:24) at org.gradle.internal.remote.internal.hub.MessageHubBackedObjectConnection$DispatchWrapper.dispatch(MessageHubBackedObjectConnection.java:182) at org.gradle.internal.remote.internal.hub.MessageHubBackedObjectConnection$DispatchWrapper.dispatch(MessageHubBackedObjectConnection.java:164) at org.gradle.internal.remote.internal.hub.MessageHub$Handler.run(MessageHub.java:414) at org.gradle.internal.concurrent.ExecutorPolicy$CatchAndRecordFailures.onExecute(ExecutorPolicy.java:64) at org.gradle.internal.concurrent.ManagedExecutorImpl$1.run(ManagedExecutorImpl.java:48) at java.base/java.util.concurrent.ThreadPoolExecutor.runWorker(ThreadPoolExecutor.java:1130) at java.base/java.util.concurrent.ThreadPoolExecutor$Worker.run(ThreadPoolExecutor.java:630) at org.gradle.internal.concurrent.ThreadFactoryImpl$ManagedThreadRunnable.run(ThreadFactoryImpl.java:56) at java.base/java.lang.Thread.run(Thread.java:832) at ══════════════════════════.==Second==() at dungeonmania.DungeonManiaController.newGameCreateMap(DungeonManiaController.java:222) at dungeonmania.DungeonManiaController.newGame(DungeonManiaController.java:189) at dungeonmania.controllerTest.Utils.newGame(Utils.java:37) at dungeonmania.controllerTest.CollectablesTest.testCollectablePickup(CollectablesTest.java:26) FAILURE DONE 1 test completed, 1 failed FAILURE: Build failed with an exception. build build.gradle data.json design.pdf gradle gradlew gradlew.bat planning.pdf src w15b_avocado.txt What went wrong: Execution failed for task ':test'. > There were failing tests. See the report at: file:///Users/braedonwooding/project-automarking/w15b_avocado/build/reports/tests/test/index.html build build.gradle data.json design.pdf gradle gradlew gradlew.bat planning.pdf src w15b_avocado.txt Try: Run with --stacktrace option to get the stack trace. Run with --info or --debug option to get more log output. Run with --scan to get full insights. build build.gradle data.json design.pdf gradle gradlew gradlew.bat planning.pdf src w15b_avocado.txt Get more help at https://help.gradle.org BUILD FAILED in 4s
Test 4-2
SUCCESS DONE
Test 4-3
SUCCESS DONE
Test 4-4
SUCCESS DONE
Test 5-1
SUCCESS DONE
Test 5-2
SUCCESS DONE
Test 6-1
SUCCESS DONE
Test 6-2
SUCCESS DONE
Test 6-3
SUCCESS DONE
Test 6-4
SUCCESS DONE
Test 6-5
SUCCESS DONE
Test 6-6
SpiderTest > 6-6 Test spider spawning reaches a mmaximum amount of spiders spawned FAILED org.opentest4j.AssertionFailedError: expected: <9> but was: <17> at org.junit.jupiter.api.AssertionUtils.fail(AssertionUtils.java:55) at org.junit.jupiter.api.AssertionUtils.failNotEqual(AssertionUtils.java:62) at org.junit.jupiter.api.AssertEquals.assertEquals(AssertEquals.java:150) at org.junit.jupiter.api.AssertEquals.assertEquals(AssertEquals.java:145) at org.junit.jupiter.api.Assertions.assertEquals(Assertions.java:527) at dungeonmania.controllerTest.SpiderTest.testSpiderMaxAmount(SpiderTest.java:231) FAILURE DONE 1 test completed, 1 failed FAILURE: Build failed with an exception. build build.gradle data.json design.pdf gradle gradlew gradlew.bat planning.pdf src w15b_avocado.txt What went wrong: Execution failed for task ':test'. > There were failing tests. See the report at: file:///Users/braedonwooding/project-automarking/w15b_avocado/build/reports/tests/test/index.html build build.gradle data.json design.pdf gradle gradlew gradlew.bat planning.pdf src w15b_avocado.txt Try: Run with --stacktrace option to get the stack trace. Run with --info or --debug option to get more log output. Run with --scan to get full insights. build build.gradle data.json design.pdf gradle gradlew gradlew.bat planning.pdf src w15b_avocado.txt Get more help at https://help.gradle.org BUILD FAILED in 5s
Test 7-1
SUCCESS DONE
Test 7-2
BasicGoalsTest > 7-2 Test a map with an enemies goal, but with no enemies is automatically achieved FAILED org.opentest4j.AssertionFailedError: expected: <> but was: <enemies> at org.junit.jupiter.api.AssertionUtils.fail(AssertionUtils.java:55) at org.junit.jupiter.api.AssertionUtils.failNotEqual(AssertionUtils.java:62) at org.junit.jupiter.api.AssertEquals.assertEquals(AssertEquals.java:182) at org.junit.jupiter.api.AssertEquals.assertEquals(AssertEquals.java:177) at org.junit.jupiter.api.Assertions.assertEquals(Assertions.java:1141) at dungeonmania.controllerTest.BasicGoalsTest.testEnemyGoalNoEnemies(BasicGoalsTest.java:52) FAILURE DONE 1 test completed, 1 failed FAILURE: Build failed with an exception. build build.gradle data.json design.pdf gradle gradlew gradlew.bat planning.pdf src w15b_avocado.txt What went wrong: Execution failed for task ':test'. > There were failing tests. See the report at: file:///Users/braedonwooding/project-automarking/w15b_avocado/build/reports/tests/test/index.html build build.gradle data.json design.pdf gradle gradlew gradlew.bat planning.pdf src w15b_avocado.txt Try: Run with --stacktrace option to get the stack trace. Run with --info or --debug option to get more log output. Run with --scan to get full insights. build build.gradle data.json design.pdf gradle gradlew gradlew.bat planning.pdf src w15b_avocado.txt Get more help at https://help.gradle.org BUILD FAILED in 5s
Test 7-3
SUCCESS DONE
Test 7-4
BasicGoalsTest > 7-4 Test a map with a switch goal, but no switch is automatically achieved FAILED org.opentest4j.AssertionFailedError: expected: <> but was: <boulders> at org.junit.jupiter.api.AssertionUtils.fail(AssertionUtils.java:55) at org.junit.jupiter.api.AssertionUtils.failNotEqual(AssertionUtils.java:62) at org.junit.jupiter.api.AssertEquals.assertEquals(AssertEquals.java:182) at org.junit.jupiter.api.AssertEquals.assertEquals(AssertEquals.java:177) at org.junit.jupiter.api.Assertions.assertEquals(Assertions.java:1141) at dungeonmania.controllerTest.BasicGoalsTest.testSwitchGoalNoSwitch(BasicGoalsTest.java:93) FAILURE DONE 1 test completed, 1 failed FAILURE: Build failed with an exception. build build.gradle data.json design.pdf gradle gradlew gradlew.bat planning.pdf src w15b_avocado.txt What went wrong: Execution failed for task ':test'. > There were failing tests. See the report at: file:///Users/braedonwooding/project-automarking/w15b_avocado/build/reports/tests/test/index.html build build.gradle data.json design.pdf gradle gradlew gradlew.bat planning.pdf src w15b_avocado.txt Try: Run with --stacktrace option to get the stack trace. Run with --info or --debug option to get more log output. Run with --scan to get full insights. build build.gradle data.json design.pdf gradle gradlew gradlew.bat planning.pdf src w15b_avocado.txt Get more help at https://help.gradle.org BUILD FAILED in 4s
Test 7-5
SUCCESS DONE
Test 7-6
SUCCESS DONE
Test 7-7
BasicGoalsTest > Test a map with a treasure goal, but no treasure is automatically achieved FAILED org.opentest4j.AssertionFailedError: expected: <> but was: <treasure> at org.junit.jupiter.api.AssertionUtils.fail(AssertionUtils.java:55) at org.junit.jupiter.api.AssertionUtils.failNotEqual(AssertionUtils.java:62) at org.junit.jupiter.api.AssertEquals.assertEquals(AssertEquals.java:182) at org.junit.jupiter.api.AssertEquals.assertEquals(AssertEquals.java:177) at org.junit.jupiter.api.Assertions.assertEquals(Assertions.java:1141) at dungeonmania.controllerTest.BasicGoalsTest.testTreasureGoalNoTreasure(BasicGoalsTest.java:161) FAILURE DONE 1 test completed, 1 failed FAILURE: Build failed with an exception. build build.gradle data.json design.pdf gradle gradlew gradlew.bat planning.pdf src w15b_avocado.txt What went wrong: Execution failed for task ':test'. > There were failing tests. See the report at: file:///Users/braedonwooding/project-automarking/w15b_avocado/build/reports/tests/test/index.html build build.gradle data.json design.pdf gradle gradlew gradlew.bat planning.pdf src w15b_avocado.txt Try: Run with --stacktrace option to get the stack trace. Run with --info or --debug option to get more log output. Run with --scan to get full insights. build build.gradle data.json design.pdf gradle gradlew gradlew.bat planning.pdf src w15b_avocado.txt Get more help at https://help.gradle.org BUILD FAILED in 4s
Test 7-8
SUCCESS DONE
Test 7-9
BasicGoalsTest > Testing a treasure goal with two treasure on the map FAILED org.opentest4j.AssertionFailedError: expected: <true> but was: <false> at org.junit.jupiter.api.AssertionUtils.fail(AssertionUtils.java:55) at org.junit.jupiter.api.AssertTrue.assertTrue(AssertTrue.java:40) at org.junit.jupiter.api.AssertTrue.assertTrue(AssertTrue.java:35) at org.junit.jupiter.api.Assertions.assertTrue(Assertions.java:179) at dungeonmania.controllerTest.BasicGoalsTest.testTreasureGoalCollectTwoTreasure(BasicGoalsTest.java:204) FAILURE DONE 1 test completed, 1 failed FAILURE: Build failed with an exception. build build.gradle data.json design.pdf gradle gradlew gradlew.bat planning.pdf src w15b_avocado.txt What went wrong: Execution failed for task ':test'. > There were failing tests. See the report at: file:///Users/braedonwooding/project-automarking/w15b_avocado/build/reports/tests/test/index.html build build.gradle data.json design.pdf gradle gradlew gradlew.bat planning.pdf src w15b_avocado.txt Try: Run with --stacktrace option to get the stack trace. Run with --info or --debug option to get more log output. Run with --scan to get full insights. build build.gradle data.json design.pdf gradle gradlew gradlew.bat planning.pdf src w15b_avocado.txt Get more help at https://help.gradle.org BUILD FAILED in 5s
Test 8-1
SUCCESS DONE
Test 8-2
SUCCESS DONE
Test 8-3
SUCCESS DONE
Test 8-4
SUCCESS DONE
Test 9-1
SUCCESS DONE
Test 9-2
SUCCESS DONE
Test 9-3
SUCCESS DONE
Test 10-1
SUCCESS DONE
Test 10-2
SUCCESS DONE
Test 10-3
SUCCESS DONE
Test 10-4
SUCCESS DONE
Test 10-5
BombsTest > Test placing a bomb on a map cardinally adjacent to an active switch causes the bomb to detonate, removing surrounding entites except for the player FAILED org.opentest4j.AssertionFailedError: expected: <0> but was: <1> at org.junit.jupiter.api.AssertionUtils.fail(AssertionUtils.java:55) at org.junit.jupiter.api.AssertionUtils.failNotEqual(AssertionUtils.java:62) at org.junit.jupiter.api.AssertEquals.assertEquals(AssertEquals.java:150) at org.junit.jupiter.api.AssertEquals.assertEquals(AssertEquals.java:145) at org.junit.jupiter.api.Assertions.assertEquals(Assertions.java:527) at dungeonmania.controllerTest.BombsTest.testBombPlaceMapCardinallyAdjacentActiveSwitch(BombsTest.java:136) FAILURE DONE 1 test completed, 1 failed FAILURE: Build failed with an exception. build build.gradle data.json design.pdf gradle gradlew gradlew.bat planning.pdf src w15b_avocado.txt What went wrong: Execution failed for task ':test'. > There were failing tests. See the report at: file:///Users/braedonwooding/project-automarking/w15b_avocado/build/reports/tests/test/index.html build build.gradle data.json design.pdf gradle gradlew gradlew.bat planning.pdf src w15b_avocado.txt Try: Run with --stacktrace option to get the stack trace. Run with --info or --debug option to get more log output. Run with --scan to get full insights. build build.gradle data.json design.pdf gradle gradlew gradlew.bat planning.pdf src w15b_avocado.txt Get more help at https://help.gradle.org BUILD FAILED in 5s
Test 10-6
SUCCESS DONE
Test 10-7
SUCCESS DONE
Test 10-8
SUCCESS DONE
Test 11-1
SUCCESS DONE
Test 11-2
SUCCESS DONE
Test 11-3
SUCCESS DONE
Test 12-1
SUCCESS DONE
Test 12-2
SUCCESS DONE
Test 12-3
SUCCESS DONE
Test 12-4
SaveLoadTest > 12-4 Test saving on a map containing all types of entities FAILED java.lang.RuntimeException: Failed to create a new game due to multiple exceptions. Will report both exceptions after each other (the stack traces will occur after one and another). The first exception was with lowercase gamemode and second was with upper camel case gamemode (i.e. Standard) ==First== NullPointerException: Cannot invoke "Entities.Entities.getId()" because "newEntity" is null ==Second== NullPointerException: Cannot invoke "Entities.Entities.getId()" because "newEntity" is null at dungeonmania.DungeonManiaController.newGameCreateMap(DungeonManiaController.java:222) at dungeonmania.DungeonManiaController.newGame(DungeonManiaController.java:189) at dungeonmania.controllerTest.Utils.newGame(Utils.java:30) at dungeonmania.controllerTest.SaveLoadTest.testSaveAllEntities(SaveLoadTest.java:80) at java.base/jdk.internal.reflect.NativeMethodAccessorImpl.invoke0(Native Method) at java.base/jdk.internal.reflect.NativeMethodAccessorImpl.invoke(NativeMethodAccessorImpl.java:64) at java.base/jdk.internal.reflect.DelegatingMethodAccessorImpl.invoke(DelegatingMethodAccessorImpl.java:43) at java.base/java.lang.reflect.Method.invoke(Method.java:564) at org.junit.platform.commons.util.ReflectionUtils.invokeMethod(ReflectionUtils.java:725) at org.junit.jupiter.engine.execution.MethodInvocation.proceed(MethodInvocation.java:60) at org.junit.jupiter.engine.execution.InvocationInterceptorChain$ValidatingInvocation.proceed(InvocationInterceptorChain.java:131) at org.junit.jupiter.engine.extension.TimeoutInvocation.proceed(TimeoutInvocation.java:46) at org.junit.jupiter.engine.extension.TimeoutExtension.intercept(TimeoutExtension.java:149) at org.junit.jupiter.engine.extension.TimeoutExtension.interceptTestableMethod(TimeoutExtension.java:140) at org.junit.jupiter.engine.extension.TimeoutExtension.interceptTestMethod(TimeoutExtension.java:84) at org.junit.jupiter.engine.execution.ExecutableInvoker$ReflectiveInterceptorCall.lambda$ofVoidMethod$0(ExecutableInvoker.java:115) at org.junit.jupiter.engine.execution.ExecutableInvoker.lambda$invoke$0(ExecutableInvoker.java:105) at org.junit.jupiter.engine.execution.InvocationInterceptorChain$InterceptedInvocation.proceed(InvocationInterceptorChain.java:106) at org.junit.jupiter.engine.execution.InvocationInterceptorChain.proceed(InvocationInterceptorChain.java:64) at org.junit.jupiter.engine.execution.InvocationInterceptorChain.chainAndInvoke(InvocationInterceptorChain.java:45) at org.junit.jupiter.engine.execution.InvocationInterceptorChain.invoke(InvocationInterceptorChain.java:37) at org.junit.jupiter.engine.execution.ExecutableInvoker.invoke(ExecutableInvoker.java:104) at org.junit.jupiter.engine.execution.ExecutableInvoker.invoke(ExecutableInvoker.java:98) at org.junit.jupiter.engine.descriptor.TestMethodTestDescriptor.lambda$invokeTestMethod$7(TestMethodTestDescriptor.java:214) at org.junit.platform.engine.support.hierarchical.ThrowableCollector.execute(ThrowableCollector.java:73) at org.junit.jupiter.engine.descriptor.TestMethodTestDescriptor.invokeTestMethod(TestMethodTestDescriptor.java:210) at org.junit.jupiter.engine.descriptor.TestMethodTestDescriptor.execute(TestMethodTestDescriptor.java:135) at org.junit.jupiter.engine.descriptor.TestMethodTestDescriptor.execute(TestMethodTestDescriptor.java:66) at org.junit.platform.engine.support.hierarchical.NodeTestTask.lambda$executeRecursively$6(NodeTestTask.java:151) at org.junit.platform.engine.support.hierarchical.ThrowableCollector.execute(ThrowableCollector.java:73) at org.junit.platform.engine.support.hierarchical.NodeTestTask.lambda$executeRecursively$8(NodeTestTask.java:141) at org.junit.platform.engine.support.hierarchical.Node.around(Node.java:137) at org.junit.platform.engine.support.hierarchical.NodeTestTask.lambda$executeRecursively$9(NodeTestTask.java:139) at org.junit.platform.engine.support.hierarchical.ThrowableCollector.execute(ThrowableCollector.java:73) at org.junit.platform.engine.support.hierarchical.NodeTestTask.executeRecursively(NodeTestTask.java:138) at org.junit.platform.engine.support.hierarchical.NodeTestTask.execute(NodeTestTask.java:95) at java.base/java.util.ArrayList.forEach(ArrayList.java:1511) at org.junit.platform.engine.support.hierarchical.SameThreadHierarchicalTestExecutorService.invokeAll(SameThreadHierarchicalTestExecutorService.java:41) at org.junit.platform.engine.support.hierarchical.NodeTestTask.lambda$executeRecursively$6(NodeTestTask.java:155) at org.junit.platform.engine.support.hierarchical.ThrowableCollector.execute(ThrowableCollector.java:73) at org.junit.platform.engine.support.hierarchical.NodeTestTask.lambda$executeRecursively$8(NodeTestTask.java:141) at org.junit.platform.engine.support.hierarchical.Node.around(Node.java:137) at org.junit.platform.engine.support.hierarchical.NodeTestTask.lambda$executeRecursively$9(NodeTestTask.java:139) at org.junit.platform.engine.support.hierarchical.ThrowableCollector.execute(ThrowableCollector.java:73) at org.junit.platform.engine.support.hierarchical.NodeTestTask.executeRecursively(NodeTestTask.java:138) at org.junit.platform.engine.support.hierarchical.NodeTestTask.execute(NodeTestTask.java:95) at java.base/java.util.ArrayList.forEach(ArrayList.java:1511) at org.junit.platform.engine.support.hierarchical.SameThreadHierarchicalTestExecutorService.invokeAll(SameThreadHierarchicalTestExecutorService.java:41) at org.junit.platform.engine.support.hierarchical.NodeTestTask.lambda$executeRecursively$6(NodeTestTask.java:155) at org.junit.platform.engine.support.hierarchical.ThrowableCollector.execute(ThrowableCollector.java:73) at org.junit.platform.engine.support.hierarchical.NodeTestTask.lambda$executeRecursively$8(NodeTestTask.java:141) at org.junit.platform.engine.support.hierarchical.Node.around(Node.java:137) at org.junit.platform.engine.support.hierarchical.NodeTestTask.lambda$executeRecursively$9(NodeTestTask.java:139) at org.junit.platform.engine.support.hierarchical.ThrowableCollector.execute(ThrowableCollector.java:73) at org.junit.platform.engine.support.hierarchical.NodeTestTask.executeRecursively(NodeTestTask.java:138) at org.junit.platform.engine.support.hierarchical.NodeTestTask.execute(NodeTestTask.java:95) at org.junit.platform.engine.support.hierarchical.SameThreadHierarchicalTestExecutorService.submit(SameThreadHierarchicalTestExecutorService.java:35) at org.junit.platform.engine.support.hierarchical.HierarchicalTestExecutor.execute(HierarchicalTestExecutor.java:57) at org.junit.platform.engine.support.hierarchical.HierarchicalTestEngine.execute(HierarchicalTestEngine.java:54) at org.junit.platform.launcher.core.EngineExecutionOrchestrator.execute(EngineExecutionOrchestrator.java:108) at org.junit.platform.launcher.core.EngineExecutionOrchestrator.execute(EngineExecutionOrchestrator.java:88) at org.junit.platform.launcher.core.EngineExecutionOrchestrator.lambda$execute$0(EngineExecutionOrchestrator.java:54) at org.junit.platform.launcher.core.EngineExecutionOrchestrator.withInterceptedStreams(EngineExecutionOrchestrator.java:67) at org.junit.platform.launcher.core.EngineExecutionOrchestrator.execute(EngineExecutionOrchestrator.java:52) at org.junit.platform.launcher.core.DefaultLauncher.execute(DefaultLauncher.java:96) at org.junit.platform.launcher.core.DefaultLauncher.execute(DefaultLauncher.java:75) at org.gradle.api.internal.tasks.testing.junitplatform.JUnitPlatformTestClassProcessor$CollectAllTestClassesExecutor.processAllTestClasses(JUnitPlatformTestClassProcessor.java:99) at org.gradle.api.internal.tasks.testing.junitplatform.JUnitPlatformTestClassProcessor$CollectAllTestClassesExecutor.access$000(JUnitPlatformTestClassProcessor.java:79) at org.gradle.api.internal.tasks.testing.junitplatform.JUnitPlatformTestClassProcessor.stop(JUnitPlatformTestClassProcessor.java:75) at org.gradle.api.internal.tasks.testing.SuiteTestClassProcessor.stop(SuiteTestClassProcessor.java:61) at java.base/jdk.internal.reflect.NativeMethodAccessorImpl.invoke0(Native Method) at java.base/jdk.internal.reflect.NativeMethodAccessorImpl.invoke(NativeMethodAccessorImpl.java:64) at java.base/jdk.internal.reflect.DelegatingMethodAccessorImpl.invoke(DelegatingMethodAccessorImpl.java:43) at java.base/java.lang.reflect.Method.invoke(Method.java:564) at org.gradle.internal.dispatch.ReflectionDispatch.dispatch(ReflectionDispatch.java:36) at org.gradle.internal.dispatch.ReflectionDispatch.dispatch(ReflectionDispatch.java:24) at org.gradle.internal.dispatch.ContextClassLoaderDispatch.dispatch(ContextClassLoaderDispatch.java:33) at org.gradle.internal.dispatch.ProxyDispatchAdapter$DispatchingInvocationHandler.invoke(ProxyDispatchAdapter.java:94) at com.sun.proxy.$Proxy2.stop(Unknown Source) at org.gradle.api.internal.tasks.testing.worker.TestWorker.stop(TestWorker.java:135) at java.base/jdk.internal.reflect.NativeMethodAccessorImpl.invoke0(Native Method) at java.base/jdk.internal.reflect.NativeMethodAccessorImpl.invoke(NativeMethodAccessorImpl.java:64) at java.base/jdk.internal.reflect.DelegatingMethodAccessorImpl.invoke(DelegatingMethodAccessorImpl.java:43) at java.base/java.lang.reflect.Method.invoke(Method.java:564) at org.gradle.internal.dispatch.ReflectionDispatch.dispatch(ReflectionDispatch.java:36) at org.gradle.internal.dispatch.ReflectionDispatch.dispatch(ReflectionDispatch.java:24) at org.gradle.internal.remote.internal.hub.MessageHubBackedObjectConnection$DispatchWrapper.dispatch(MessageHubBackedObjectConnection.java:182) at org.gradle.internal.remote.internal.hub.MessageHubBackedObjectConnection$DispatchWrapper.dispatch(MessageHubBackedObjectConnection.java:164) at org.gradle.internal.remote.internal.hub.MessageHub$Handler.run(MessageHub.java:414) at org.gradle.internal.concurrent.ExecutorPolicy$CatchAndRecordFailures.onExecute(ExecutorPolicy.java:64) at org.gradle.internal.concurrent.ManagedExecutorImpl$1.run(ManagedExecutorImpl.java:48) at java.base/java.util.concurrent.ThreadPoolExecutor.runWorker(ThreadPoolExecutor.java:1130) at java.base/java.util.concurrent.ThreadPoolExecutor$Worker.run(ThreadPoolExecutor.java:630) at org.gradle.internal.concurrent.ThreadFactoryImpl$ManagedThreadRunnable.run(ThreadFactoryImpl.java:56) at java.base/java.lang.Thread.run(Thread.java:832) at ══════════════════════════.==Second==() at dungeonmania.DungeonManiaController.newGameCreateMap(DungeonManiaController.java:222) at dungeonmania.DungeonManiaController.newGame(DungeonManiaController.java:189) at dungeonmania.controllerTest.Utils.newGame(Utils.java:37) at dungeonmania.controllerTest.SaveLoadTest.testSaveAllEntities(SaveLoadTest.java:80) FAILURE DONE 1 test completed, 1 failed FAILURE: Build failed with an exception. build build.gradle data.json design.pdf gradle gradlew gradlew.bat planning.pdf src w15b_avocado.txt What went wrong: Execution failed for task ':test'. > There were failing tests. See the report at: file:///Users/braedonwooding/project-automarking/w15b_avocado/build/reports/tests/test/index.html build build.gradle data.json design.pdf gradle gradlew gradlew.bat planning.pdf src w15b_avocado.txt Try: Run with --stacktrace option to get the stack trace. Run with --info or --debug option to get more log output. Run with --scan to get full insights. build build.gradle data.json design.pdf gradle gradlew gradlew.bat planning.pdf src w15b_avocado.txt Get more help at https://help.gradle.org BUILD FAILED in 5s
Test 13-1
SUCCESS DONE
Test 13-2
SUCCESS DONE
Test 13-3
SUCCESS DONE
Test 13-4
SUCCESS DONE
Test 13-5
SUCCESS DONE
Test 13-6
SUCCESS DONE
Test 13-7
SUCCESS DONE
Test 14-1
SUCCESS DONE
Test 14-2
SUCCESS DONE
Test 14-3
SUCCESS DONE
Test 14-4
SUCCESS DONE
Test 14-5
InterfaceTest > TickInterfaceTest > 14-5 Testing tick with an invalid ite FAILED java.lang.RuntimeException: Failed to create a new game due to multiple exceptions. Will report both exceptions after each other (the stack traces will occur after one and another). The first exception was with lowercase gamemode and second was with upper camel case gamemode (i.e. Standard) ==First== NullPointerException: Cannot invoke "Entities.Entities.getId()" because "newEntity" is null ==Second== NullPointerException: Cannot invoke "Entities.Entities.getId()" because "newEntity" is null at dungeonmania.DungeonManiaController.newGameCreateMap(DungeonManiaController.java:222) at dungeonmania.DungeonManiaController.newGame(DungeonManiaController.java:189) at dungeonmania.controllerTest.Utils.newGame(Utils.java:30) at dungeonmania.controllerTest.InterfaceTest$TickInterfaceTest.testTickInterfaceInvalidItem(InterfaceTest.java:89) at java.base/jdk.internal.reflect.NativeMethodAccessorImpl.invoke0(Native Method) at java.base/jdk.internal.reflect.NativeMethodAccessorImpl.invoke(NativeMethodAccessorImpl.java:64) at java.base/jdk.internal.reflect.DelegatingMethodAccessorImpl.invoke(DelegatingMethodAccessorImpl.java:43) at java.base/java.lang.reflect.Method.invoke(Method.java:564) at org.junit.platform.commons.util.ReflectionUtils.invokeMethod(ReflectionUtils.java:725) at org.junit.jupiter.engine.execution.MethodInvocation.proceed(MethodInvocation.java:60) at org.junit.jupiter.engine.execution.InvocationInterceptorChain$ValidatingInvocation.proceed(InvocationInterceptorChain.java:131) at org.junit.jupiter.engine.extension.TimeoutInvocation.proceed(TimeoutInvocation.java:46) at org.junit.jupiter.engine.extension.TimeoutExtension.intercept(TimeoutExtension.java:149) at org.junit.jupiter.engine.extension.TimeoutExtension.interceptTestableMethod(TimeoutExtension.java:140) at org.junit.jupiter.engine.extension.TimeoutExtension.interceptTestMethod(TimeoutExtension.java:84) at org.junit.jupiter.engine.execution.ExecutableInvoker$ReflectiveInterceptorCall.lambda$ofVoidMethod$0(ExecutableInvoker.java:115) at org.junit.jupiter.engine.execution.ExecutableInvoker.lambda$invoke$0(ExecutableInvoker.java:105) at org.junit.jupiter.engine.execution.InvocationInterceptorChain$InterceptedInvocation.proceed(InvocationInterceptorChain.java:106) at org.junit.jupiter.engine.execution.InvocationInterceptorChain.proceed(InvocationInterceptorChain.java:64) at org.junit.jupiter.engine.execution.InvocationInterceptorChain.chainAndInvoke(InvocationInterceptorChain.java:45) at org.junit.jupiter.engine.execution.InvocationInterceptorChain.invoke(InvocationInterceptorChain.java:37) at org.junit.jupiter.engine.execution.ExecutableInvoker.invoke(ExecutableInvoker.java:104) at org.junit.jupiter.engine.execution.ExecutableInvoker.invoke(ExecutableInvoker.java:98) at org.junit.jupiter.engine.descriptor.TestMethodTestDescriptor.lambda$invokeTestMethod$7(TestMethodTestDescriptor.java:214) at org.junit.platform.engine.support.hierarchical.ThrowableCollector.execute(ThrowableCollector.java:73) at org.junit.jupiter.engine.descriptor.TestMethodTestDescriptor.invokeTestMethod(TestMethodTestDescriptor.java:210) at org.junit.jupiter.engine.descriptor.TestMethodTestDescriptor.execute(TestMethodTestDescriptor.java:135) at org.junit.jupiter.engine.descriptor.TestMethodTestDescriptor.execute(TestMethodTestDescriptor.java:66) at org.junit.platform.engine.support.hierarchical.NodeTestTask.lambda$executeRecursively$6(NodeTestTask.java:151) at org.junit.platform.engine.support.hierarchical.ThrowableCollector.execute(ThrowableCollector.java:73) at org.junit.platform.engine.support.hierarchical.NodeTestTask.lambda$executeRecursively$8(NodeTestTask.java:141) at org.junit.platform.engine.support.hierarchical.Node.around(Node.java:137) at org.junit.platform.engine.support.hierarchical.NodeTestTask.lambda$executeRecursively$9(NodeTestTask.java:139) at org.junit.platform.engine.support.hierarchical.ThrowableCollector.execute(ThrowableCollector.java:73) at org.junit.platform.engine.support.hierarchical.NodeTestTask.executeRecursively(NodeTestTask.java:138) at org.junit.platform.engine.support.hierarchical.NodeTestTask.execute(NodeTestTask.java:95) at java.base/java.util.ArrayList.forEach(ArrayList.java:1511) at org.junit.platform.engine.support.hierarchical.SameThreadHierarchicalTestExecutorService.invokeAll(SameThreadHierarchicalTestExecutorService.java:41) at org.junit.platform.engine.support.hierarchical.NodeTestTask.lambda$executeRecursively$6(NodeTestTask.java:155) at org.junit.platform.engine.support.hierarchical.ThrowableCollector.execute(ThrowableCollector.java:73) at org.junit.platform.engine.support.hierarchical.NodeTestTask.lambda$executeRecursively$8(NodeTestTask.java:141) at org.junit.platform.engine.support.hierarchical.Node.around(Node.java:137) at org.junit.platform.engine.support.hierarchical.NodeTestTask.lambda$executeRecursively$9(NodeTestTask.java:139) at org.junit.platform.engine.support.hierarchical.ThrowableCollector.execute(ThrowableCollector.java:73) at org.junit.platform.engine.support.hierarchical.NodeTestTask.executeRecursively(NodeTestTask.java:138) at org.junit.platform.engine.support.hierarchical.NodeTestTask.execute(NodeTestTask.java:95) at java.base/java.util.ArrayList.forEach(ArrayList.java:1511) at org.junit.platform.engine.support.hierarchical.SameThreadHierarchicalTestExecutorService.invokeAll(SameThreadHierarchicalTestExecutorService.java:41) at org.junit.platform.engine.support.hierarchical.NodeTestTask.lambda$executeRecursively$6(NodeTestTask.java:155) at org.junit.platform.engine.support.hierarchical.ThrowableCollector.execute(ThrowableCollector.java:73) at org.junit.platform.engine.support.hierarchical.NodeTestTask.lambda$executeRecursively$8(NodeTestTask.java:141) at org.junit.platform.engine.support.hierarchical.Node.around(Node.java:137) at org.junit.platform.engine.support.hierarchical.NodeTestTask.lambda$executeRecursively$9(NodeTestTask.java:139) at org.junit.platform.engine.support.hierarchical.ThrowableCollector.execute(ThrowableCollector.java:73) at org.junit.platform.engine.support.hierarchical.NodeTestTask.executeRecursively(NodeTestTask.java:138) at org.junit.platform.engine.support.hierarchical.NodeTestTask.execute(NodeTestTask.java:95) at java.base/java.util.ArrayList.forEach(ArrayList.java:1511) at org.junit.platform.engine.support.hierarchical.SameThreadHierarchicalTestExecutorService.invokeAll(SameThreadHierarchicalTestExecutorService.java:41) at org.junit.platform.engine.support.hierarchical.NodeTestTask.lambda$executeRecursively$6(NodeTestTask.java:155) at org.junit.platform.engine.support.hierarchical.ThrowableCollector.execute(ThrowableCollector.java:73) at org.junit.platform.engine.support.hierarchical.NodeTestTask.lambda$executeRecursively$8(NodeTestTask.java:141) at org.junit.platform.engine.support.hierarchical.Node.around(Node.java:137) at org.junit.platform.engine.support.hierarchical.NodeTestTask.lambda$executeRecursively$9(NodeTestTask.java:139) at org.junit.platform.engine.support.hierarchical.ThrowableCollector.execute(ThrowableCollector.java:73) at org.junit.platform.engine.support.hierarchical.NodeTestTask.executeRecursively(NodeTestTask.java:138) at org.junit.platform.engine.support.hierarchical.NodeTestTask.execute(NodeTestTask.java:95) at org.junit.platform.engine.support.hierarchical.SameThreadHierarchicalTestExecutorService.submit(SameThreadHierarchicalTestExecutorService.java:35) at org.junit.platform.engine.support.hierarchical.HierarchicalTestExecutor.execute(HierarchicalTestExecutor.java:57) at org.junit.platform.engine.support.hierarchical.HierarchicalTestEngine.execute(HierarchicalTestEngine.java:54) at org.junit.platform.launcher.core.EngineExecutionOrchestrator.execute(EngineExecutionOrchestrator.java:108) at org.junit.platform.launcher.core.EngineExecutionOrchestrator.execute(EngineExecutionOrchestrator.java:88) at org.junit.platform.launcher.core.EngineExecutionOrchestrator.lambda$execute$0(EngineExecutionOrchestrator.java:54) at org.junit.platform.launcher.core.EngineExecutionOrchestrator.withInterceptedStreams(EngineExecutionOrchestrator.java:67) at org.junit.platform.launcher.core.EngineExecutionOrchestrator.execute(EngineExecutionOrchestrator.java:52) at org.junit.platform.launcher.core.DefaultLauncher.execute(DefaultLauncher.java:96) at org.junit.platform.launcher.core.DefaultLauncher.execute(DefaultLauncher.java:75) at org.gradle.api.internal.tasks.testing.junitplatform.JUnitPlatformTestClassProcessor$CollectAllTestClassesExecutor.processAllTestClasses(JUnitPlatformTestClassProcessor.java:99) at org.gradle.api.internal.tasks.testing.junitplatform.JUnitPlatformTestClassProcessor$CollectAllTestClassesExecutor.access$000(JUnitPlatformTestClassProcessor.java:79) at org.gradle.api.internal.tasks.testing.junitplatform.JUnitPlatformTestClassProcessor.stop(JUnitPlatformTestClassProcessor.java:75) at org.gradle.api.internal.tasks.testing.SuiteTestClassProcessor.stop(SuiteTestClassProcessor.java:61) at java.base/jdk.internal.reflect.NativeMethodAccessorImpl.invoke0(Native Method) at java.base/jdk.internal.reflect.NativeMethodAccessorImpl.invoke(NativeMethodAccessorImpl.java:64) at java.base/jdk.internal.reflect.DelegatingMethodAccessorImpl.invoke(DelegatingMethodAccessorImpl.java:43) at java.base/java.lang.reflect.Method.invoke(Method.java:564) at org.gradle.internal.dispatch.ReflectionDispatch.dispatch(ReflectionDispatch.java:36) at org.gradle.internal.dispatch.ReflectionDispatch.dispatch(ReflectionDispatch.java:24) at org.gradle.internal.dispatch.ContextClassLoaderDispatch.dispatch(ContextClassLoaderDispatch.java:33) at org.gradle.internal.dispatch.ProxyDispatchAdapter$DispatchingInvocationHandler.invoke(ProxyDispatchAdapter.java:94) at com.sun.proxy.$Proxy2.stop(Unknown Source) at org.gradle.api.internal.tasks.testing.worker.TestWorker.stop(TestWorker.java:135) at java.base/jdk.internal.reflect.NativeMethodAccessorImpl.invoke0(Native Method) at java.base/jdk.internal.reflect.NativeMethodAccessorImpl.invoke(NativeMethodAccessorImpl.java:64) at java.base/jdk.internal.reflect.DelegatingMethodAccessorImpl.invoke(DelegatingMethodAccessorImpl.java:43) at java.base/java.lang.reflect.Method.invoke(Method.java:564) at org.gradle.internal.dispatch.ReflectionDispatch.dispatch(ReflectionDispatch.java:36) at org.gradle.internal.dispatch.ReflectionDispatch.dispatch(ReflectionDispatch.java:24) at org.gradle.internal.remote.internal.hub.MessageHubBackedObjectConnection$DispatchWrapper.dispatch(MessageHubBackedObjectConnection.java:182) at org.gradle.internal.remote.internal.hub.MessageHubBackedObjectConnection$DispatchWrapper.dispatch(MessageHubBackedObjectConnection.java:164) at org.gradle.internal.remote.internal.hub.MessageHub$Handler.run(MessageHub.java:414) at org.gradle.internal.concurrent.ExecutorPolicy$CatchAndRecordFailures.onExecute(ExecutorPolicy.java:64) at org.gradle.internal.concurrent.ManagedExecutorImpl$1.run(ManagedExecutorImpl.java:48) at java.base/java.util.concurrent.ThreadPoolExecutor.runWorker(ThreadPoolExecutor.java:1130) at java.base/java.util.concurrent.ThreadPoolExecutor$Worker.run(ThreadPoolExecutor.java:630) at org.gradle.internal.concurrent.ThreadFactoryImpl$ManagedThreadRunnable.run(ThreadFactoryImpl.java:56) at java.base/java.lang.Thread.run(Thread.java:832) at ══════════════════════════.==Second==() at dungeonmania.DungeonManiaController.newGameCreateMap(DungeonManiaController.java:222) at dungeonmania.DungeonManiaController.newGame(DungeonManiaController.java:189) at dungeonmania.controllerTest.Utils.newGame(Utils.java:37) at dungeonmania.controllerTest.InterfaceTest$TickInterfaceTest.testTickInterfaceInvalidItem(InterfaceTest.java:89) FAILURE DONE 1 test completed, 1 failed FAILURE: Build failed with an exception. build build.gradle data.json design.pdf gradle gradlew gradlew.bat planning.pdf src w15b_avocado.txt What went wrong: Execution failed for task ':test'. > There were failing tests. See the report at: file:///Users/braedonwooding/project-automarking/w15b_avocado/build/reports/tests/test/index.html build build.gradle data.json design.pdf gradle gradlew gradlew.bat planning.pdf src w15b_avocado.txt Try: Run with --stacktrace option to get the stack trace. Run with --info or --debug option to get more log output. Run with --scan to get full insights. build build.gradle data.json design.pdf gradle gradlew gradlew.bat planning.pdf src w15b_avocado.txt Get more help at https://help.gradle.org BUILD FAILED in 5s
Test 14-6
SUCCESS DONE
Test 15-1
SUCCESS DONE
Test 15-2
SUCCESS DONE
Test 15-3
SUCCESS DONE
Test 15-4
SUCCESS DONE
Test 15-5
SUCCESS DONE
Test 15-6
SUCCESS DONE
Test 15-7
SUCCESS DONE
Test 15-8
ComplexGoalsTest > 15-8 Testing a map with ENEMIES or EXIT goal FAILED org.opentest4j.AssertionFailedError: expected: <> but was: <:exit OR :enemies> at org.junit.jupiter.api.AssertionUtils.fail(AssertionUtils.java:55) at org.junit.jupiter.api.AssertionUtils.failNotEqual(AssertionUtils.java:62) at org.junit.jupiter.api.AssertEquals.assertEquals(AssertEquals.java:182) at org.junit.jupiter.api.AssertEquals.assertEquals(AssertEquals.java:177) at org.junit.jupiter.api.Assertions.assertEquals(Assertions.java:1141) at dungeonmania.controllerTest.ComplexGoalsTest.testExitOrEnemyGoal(ComplexGoalsTest.java:164) FAILURE DONE 1 test completed, 1 failed FAILURE: Build failed with an exception. build build.gradle data.json design.pdf gradle gradlew gradlew.bat planning.pdf src w15b_avocado.txt What went wrong: Execution failed for task ':test'. > There were failing tests. See the report at: file:///Users/braedonwooding/project-automarking/w15b_avocado/build/reports/tests/test/index.html build build.gradle data.json design.pdf gradle gradlew gradlew.bat planning.pdf src w15b_avocado.txt Try: Run with --stacktrace option to get the stack trace. Run with --info or --debug option to get more log output. Run with --scan to get full insights. build build.gradle data.json design.pdf gradle gradlew gradlew.bat planning.pdf src w15b_avocado.txt Get more help at https://help.gradle.org BUILD FAILED in 4s
Test 15-9
ComplexGoalsTest > 15-9 Testing a map with EXIT or SWITCH goal FAILED org.opentest4j.AssertionFailedError: expected: <> but was: <:exit OR :boulders> at org.junit.jupiter.api.AssertionUtils.fail(AssertionUtils.java:55) at org.junit.jupiter.api.AssertionUtils.failNotEqual(AssertionUtils.java:62) at org.junit.jupiter.api.AssertEquals.assertEquals(AssertEquals.java:182) at org.junit.jupiter.api.AssertEquals.assertEquals(AssertEquals.java:177) at org.junit.jupiter.api.Assertions.assertEquals(Assertions.java:1141) at dungeonmania.controllerTest.ComplexGoalsTest.testExitOrSwitchGoal(ComplexGoalsTest.java:176) FAILURE DONE 1 test completed, 1 failed FAILURE: Build failed with an exception. build build.gradle data.json design.pdf gradle gradlew gradlew.bat planning.pdf src w15b_avocado.txt What went wrong: Execution failed for task ':test'. > There were failing tests. See the report at: file:///Users/braedonwooding/project-automarking/w15b_avocado/build/reports/tests/test/index.html build build.gradle data.json design.pdf gradle gradlew gradlew.bat planning.pdf src w15b_avocado.txt Try: Run with --stacktrace option to get the stack trace. Run with --info or --debug option to get more log output. Run with --scan to get full insights. build build.gradle data.json design.pdf gradle gradlew gradlew.bat planning.pdf src w15b_avocado.txt Get more help at https://help.gradle.org BUILD FAILED in 4s
Test 15-10
SUCCESS DONE
Test 15-11
ComplexGoalsTest > 15-11 Testing a map with ENEMIES or SWITCH goal FAILED org.opentest4j.AssertionFailedError: expected: <> but was: <:enemies OR :boulders> at org.junit.jupiter.api.AssertionUtils.fail(AssertionUtils.java:55) at org.junit.jupiter.api.AssertionUtils.failNotEqual(AssertionUtils.java:62) at org.junit.jupiter.api.AssertEquals.assertEquals(AssertEquals.java:182) at org.junit.jupiter.api.AssertEquals.assertEquals(AssertEquals.java:177) at org.junit.jupiter.api.Assertions.assertEquals(Assertions.java:1141) at dungeonmania.controllerTest.ComplexGoalsTest.testEnemiesOrSwitchGoal(ComplexGoalsTest.java:201) FAILURE DONE 1 test completed, 1 failed FAILURE: Build failed with an exception. build build.gradle data.json design.pdf gradle gradlew gradlew.bat planning.pdf src w15b_avocado.txt What went wrong: Execution failed for task ':test'. > There were failing tests. See the report at: file:///Users/braedonwooding/project-automarking/w15b_avocado/build/reports/tests/test/index.html build build.gradle data.json design.pdf gradle gradlew gradlew.bat planning.pdf src w15b_avocado.txt Try: Run with --stacktrace option to get the stack trace. Run with --info or --debug option to get more log output. Run with --scan to get full insights. build build.gradle data.json design.pdf gradle gradlew gradlew.bat planning.pdf src w15b_avocado.txt Get more help at https://help.gradle.org BUILD FAILED in 4s
Test 15-12
ComplexGoalsTest > 15-12 Testing a map with ENEMIES or TREASURE goal FAILED org.opentest4j.AssertionFailedError: expected: <> but was: <:enemies OR :treasure> at org.junit.jupiter.api.AssertionUtils.fail(AssertionUtils.java:55) at org.junit.jupiter.api.AssertionUtils.failNotEqual(AssertionUtils.java:62) at org.junit.jupiter.api.AssertEquals.assertEquals(AssertEquals.java:182) at org.junit.jupiter.api.AssertEquals.assertEquals(AssertEquals.java:177) at org.junit.jupiter.api.Assertions.assertEquals(Assertions.java:1141) at dungeonmania.controllerTest.ComplexGoalsTest.testEnemiesOrTreasureGoal(ComplexGoalsTest.java:214) FAILURE DONE 1 test completed, 1 failed FAILURE: Build failed with an exception. build build.gradle data.json design.pdf gradle gradlew gradlew.bat planning.pdf src w15b_avocado.txt What went wrong: Execution failed for task ':test'. > There were failing tests. See the report at: file:///Users/braedonwooding/project-automarking/w15b_avocado/build/reports/tests/test/index.html build build.gradle data.json design.pdf gradle gradlew gradlew.bat planning.pdf src w15b_avocado.txt Try: Run with --stacktrace option to get the stack trace. Run with --info or --debug option to get more log output. Run with --scan to get full insights. build build.gradle data.json design.pdf gradle gradlew gradlew.bat planning.pdf src w15b_avocado.txt Get more help at https://help.gradle.org BUILD FAILED in 4s
Test 15-13
ComplexGoalsTest > 15-13 Testing a map with SWTICH or TREASURE goal FAILED org.opentest4j.AssertionFailedError: expected: <> but was: <:boulders OR :treasure> at org.junit.jupiter.api.AssertionUtils.fail(AssertionUtils.java:55) at org.junit.jupiter.api.AssertionUtils.failNotEqual(AssertionUtils.java:62) at org.junit.jupiter.api.AssertEquals.assertEquals(AssertEquals.java:182) at org.junit.jupiter.api.AssertEquals.assertEquals(AssertEquals.java:177) at org.junit.jupiter.api.Assertions.assertEquals(Assertions.java:1141) at dungeonmania.controllerTest.ComplexGoalsTest.testSwitchOrTreasureGoal(ComplexGoalsTest.java:227) FAILURE DONE 1 test completed, 1 failed FAILURE: Build failed with an exception. build build.gradle data.json design.pdf gradle gradlew gradlew.bat planning.pdf src w15b_avocado.txt What went wrong: Execution failed for task ':test'. > There were failing tests. See the report at: file:///Users/braedonwooding/project-automarking/w15b_avocado/build/reports/tests/test/index.html build build.gradle data.json design.pdf gradle gradlew gradlew.bat planning.pdf src w15b_avocado.txt Try: Run with --stacktrace option to get the stack trace. Run with --info or --debug option to get more log output. Run with --scan to get full insights. build build.gradle data.json design.pdf gradle gradlew gradlew.bat planning.pdf src w15b_avocado.txt Get more help at https://help.gradle.org BUILD FAILED in 4s
Test 15-14
ComplexGoalsTest > 15-14 Testing a map with EXIT or TREASURE or SWITCH goal FAILED org.opentest4j.AssertionFailedError: expected: <> but was: <:exit OR :OR> at org.junit.jupiter.api.AssertionUtils.fail(AssertionUtils.java:55) at org.junit.jupiter.api.AssertionUtils.failNotEqual(AssertionUtils.java:62) at org.junit.jupiter.api.AssertEquals.assertEquals(AssertEquals.java:182) at org.junit.jupiter.api.AssertEquals.assertEquals(AssertEquals.java:177) at org.junit.jupiter.api.Assertions.assertEquals(Assertions.java:1141) at dungeonmania.controllerTest.ComplexGoalsTest.testEnemiesOrExitOrTreasureOrSwitchGoal(ComplexGoalsTest.java:247) FAILURE DONE 1 test completed, 1 failed FAILURE: Build failed with an exception. build build.gradle data.json design.pdf gradle gradlew gradlew.bat planning.pdf src w15b_avocado.txt What went wrong: Execution failed for task ':test'. > There were failing tests. See the report at: file:///Users/braedonwooding/project-automarking/w15b_avocado/build/reports/tests/test/index.html build build.gradle data.json design.pdf gradle gradlew gradlew.bat planning.pdf src w15b_avocado.txt Try: Run with --stacktrace option to get the stack trace. Run with --info or --debug option to get more log output. Run with --scan to get full insights. build build.gradle data.json design.pdf gradle gradlew gradlew.bat planning.pdf src w15b_avocado.txt Get more help at https://help.gradle.org BUILD FAILED in 4s
Test 15-15
ComplexGoalsTest > 15-15 Testing a map with ENEMIES and EXIT and TREASURE and SWITCH goal FAILED org.opentest4j.AssertionFailedError: expected: <> but was: <:exit AND :AND> at org.junit.jupiter.api.AssertionUtils.fail(AssertionUtils.java:55) at org.junit.jupiter.api.AssertionUtils.failNotEqual(AssertionUtils.java:62) at org.junit.jupiter.api.AssertEquals.assertEquals(AssertEquals.java:182) at org.junit.jupiter.api.AssertEquals.assertEquals(AssertEquals.java:177) at org.junit.jupiter.api.Assertions.assertEquals(Assertions.java:1141) at dungeonmania.controllerTest.ComplexGoalsTest.testEnemiesAndExitAndTreasureAndSwitchGoal(ComplexGoalsTest.java:268) FAILURE DONE 1 test completed, 1 failed FAILURE: Build failed with an exception. build build.gradle data.json design.pdf gradle gradlew gradlew.bat planning.pdf src w15b_avocado.txt What went wrong: Execution failed for task ':test'. > There were failing tests. See the report at: file:///Users/braedonwooding/project-automarking/w15b_avocado/build/reports/tests/test/index.html build build.gradle data.json design.pdf gradle gradlew gradlew.bat planning.pdf src w15b_avocado.txt Try: Run with --stacktrace option to get the stack trace. Run with --info or --debug option to get more log output. Run with --scan to get full insights. build build.gradle data.json design.pdf gradle gradlew gradlew.bat planning.pdf src w15b_avocado.txt Get more help at https://help.gradle.org BUILD FAILED in 4s
Test 15-16
ComplexGoalsTest > 15-16 Testing a map with ENEMEIS AND (TREASURE OR SWITCH) goal FAILED org.opentest4j.AssertionFailedError: expected: <13> but was: <0> at org.junit.jupiter.api.AssertionUtils.fail(AssertionUtils.java:55) at org.junit.jupiter.api.AssertionUtils.failNotEqual(AssertionUtils.java:62) at org.junit.jupiter.api.AssertEquals.assertEquals(AssertEquals.java:150) at org.junit.jupiter.api.AssertEquals.assertEquals(AssertEquals.java:145) at org.junit.jupiter.api.Assertions.assertEquals(Assertions.java:527) at dungeonmania.controllerTest.ComplexGoalsTest.testExitAndEnemiesAndTreasureOrSwitchGoal(ComplexGoalsTest.java:286) FAILURE DONE 1 test completed, 1 failed FAILURE: Build failed with an exception. build build.gradle data.json design.pdf gradle gradlew gradlew.bat planning.pdf src w15b_avocado.txt What went wrong: Execution failed for task ':test'. > There were failing tests. See the report at: file:///Users/braedonwooding/project-automarking/w15b_avocado/build/reports/tests/test/index.html build build.gradle data.json design.pdf gradle gradlew gradlew.bat planning.pdf src w15b_avocado.txt Try: Run with --stacktrace option to get the stack trace. Run with --info or --debug option to get more log output. Run with --scan to get full insights. build build.gradle data.json design.pdf gradle gradlew gradlew.bat planning.pdf src w15b_avocado.txt Get more help at https://help.gradle.org BUILD FAILED in 4s
Test 16-1
SUCCESS DONE
Test 16-2
SUCCESS DONE
Test 16-3
SUCCESS DONE
Test 16-4
SUCCESS DONE
Test 16-5
SUCCESS DONE
Test 16-6
SUCCESS DONE
Test 16-7
SUCCESS DONE
